[0.832s] Invoking command in '/home/vinicius/ros2_ws/build/robot_bringup': PYTHONPATH=/home/vinicius/ros2_ws/build/robot_bringup/prefix_override:/usr/lib/python3/dist-packages/colcon_core/task/python/colcon_distutils_commands:/home/vinicius/ros2_ws/install/robot_bringup/lib/python3.10/site-packages:${PYTHONPATH} /usr/bin/python3 -W ignore:setup.py install is deprecated -W ignore:easy_install command is deprecated setup.py develop --editable --build-directory /home/vinicius/ros2_ws/build/robot_bringup/build --no-deps symlink_data
[1.185s] running develop
[1.427s] running egg_info
[1.427s] writing robot_bringup.egg-info/PKG-INFO
[1.427s] writing dependency_links to robot_bringup.egg-info/dependency_links.txt
[1.427s] writing entry points to robot_bringup.egg-info/entry_points.txt
[1.428s] writing requirements to robot_bringup.egg-info/requires.txt
[1.428s] writing top-level names to robot_bringup.egg-info/top_level.txt
[1.431s] reading manifest file 'robot_bringup.egg-info/SOURCES.txt'
[1.433s] writing manifest file 'robot_bringup.egg-info/SOURCES.txt'
[1.436s] running build_ext
[1.436s] Creating /home/vinicius/ros2_ws/install/robot_bringup/lib/python3.10/site-packages/robot-bringup.egg-link (link to .)
[1.437s] Installing odom_monitor.py script to /home/vinicius/ros2_ws/install/robot_bringup/lib/robot_bringup
[1.438s] Installing odom_tf_publisher script to /home/vinicius/ros2_ws/install/robot_bringup/lib/robot_bringup
[1.438s] Installing save_map.py script to /home/vinicius/ros2_ws/install/robot_bringup/lib/robot_bringup
[1.439s] 
[1.439s] Installed /home/vinicius/ros2_ws/build/robot_bringup
[1.439s] running symlink_data
[1.440s] symbolically linking /home/vinicius/ros2_ws/build/robot_bringup/config/robot_view.rviz -> /home/vinicius/ros2_ws/install/robot_bringup/share/robot_bringup/config
[1.507s] Invoked command in '/home/vinicius/ros2_ws/build/robot_bringup' returned '0': PYTHONPATH=/home/vinicius/ros2_ws/build/robot_bringup/prefix_override:/usr/lib/python3/dist-packages/colcon_core/task/python/colcon_distutils_commands:/home/vinicius/ros2_ws/install/robot_bringup/lib/python3.10/site-packages:${PYTHONPATH} /usr/bin/python3 -W ignore:setup.py install is deprecated -W ignore:easy_install command is deprecated setup.py develop --editable --build-directory /home/vinicius/ros2_ws/build/robot_bringup/build --no-deps symlink_data
