[1.834s] Invoking command in '/home/vinicius/ros2_ws/src/robot_bringup': PYTHONPATH=/home/vinicius/ros2_ws/build/robot_bringup/prefix_override:/usr/lib/python3/dist-packages/colcon_core/task/python/colcon_distutils_commands:/home/vinicius/ros2_ws/install/robot_bringup/lib/python3.10/site-packages:${PYTHONPATH} /usr/bin/python3 -W ignore:setup.py install is deprecated -W ignore:easy_install command is deprecated setup.py egg_info --egg-base ../../build/robot_bringup build --build-base /home/vinicius/ros2_ws/build/robot_bringup/build install --record /home/vinicius/ros2_ws/build/robot_bringup/install.log --single-version-externally-managed install_data
[2.510s] running egg_info
[2.511s] writing ../../build/robot_bringup/robot_bringup.egg-info/PKG-INFO
[2.512s] writing dependency_links to ../../build/robot_bringup/robot_bringup.egg-info/dependency_links.txt
[2.513s] writing entry points to ../../build/robot_bringup/robot_bringup.egg-info/entry_points.txt
[2.513s] writing requirements to ../../build/robot_bringup/robot_bringup.egg-info/requires.txt
[2.514s] writing top-level names to ../../build/robot_bringup/robot_bringup.egg-info/top_level.txt
[2.522s] reading manifest file '../../build/robot_bringup/robot_bringup.egg-info/SOURCES.txt'
[2.525s] writing manifest file '../../build/robot_bringup/robot_bringup.egg-info/SOURCES.txt'
[2.525s] running build
[2.525s] running build_py
[2.526s] running install
[2.526s] running install_lib
[2.529s] running install_data
[2.531s] copying models/Robot/model.sdf -> /home/vinicius/ros2_ws/install/robot_bringup/share/robot_bringup/models/Robot
[2.532s] running install_egg_info
[2.536s] removing '/home/vinicius/ros2_ws/install/robot_bringup/lib/python3.10/site-packages/robot_bringup-0.0.0-py3.10.egg-info' (and everything under it)
[2.537s] Copying ../../build/robot_bringup/robot_bringup.egg-info to /home/vinicius/ros2_ws/install/robot_bringup/lib/python3.10/site-packages/robot_bringup-0.0.0-py3.10.egg-info
[2.540s] running install_scripts
[2.589s] Installing odom_monitor.py script to /home/vinicius/ros2_ws/install/robot_bringup/lib/robot_bringup
[2.589s] Installing odom_tf_publisher script to /home/vinicius/ros2_ws/install/robot_bringup/lib/robot_bringup
[2.590s] writing list of installed files to '/home/vinicius/ros2_ws/build/robot_bringup/install.log'
[2.662s] Invoked command in '/home/vinicius/ros2_ws/src/robot_bringup' returned '0': PYTHONPATH=/home/vinicius/ros2_ws/build/robot_bringup/prefix_override:/usr/lib/python3/dist-packages/colcon_core/task/python/colcon_distutils_commands:/home/vinicius/ros2_ws/install/robot_bringup/lib/python3.10/site-packages:${PYTHONPATH} /usr/bin/python3 -W ignore:setup.py install is deprecated -W ignore:easy_install command is deprecated setup.py egg_info --egg-base ../../build/robot_bringup build --build-base /home/vinicius/ros2_ws/build/robot_bringup/build install --record /home/vinicius/ros2_ws/build/robot_bringup/install.log --single-version-externally-managed install_data
