running develop
Removing /home/vinicius/ros2_ws/install/robot_bringup/lib/python3.10/site-packages/robot-bringup.egg-link (link to .)
running egg_info
writing ../../build/robot_bringup/robot_bringup.egg-info/PKG-INFO
writing dependency_links to ../../build/robot_bringup/robot_bringup.egg-info/dependency_links.txt
writing entry points to ../../build/robot_bringup/robot_bringup.egg-info/entry_points.txt
writing requirements to ../../build/robot_bringup/robot_bringup.egg-info/requires.txt
writing top-level names to ../../build/robot_bringup/robot_bringup.egg-info/top_level.txt
reading manifest file '../../build/robot_bringup/robot_bringup.egg-info/SOURCES.txt'
writing manifest file '../../build/robot_bringup/robot_bringup.egg-info/SOURCES.txt'
running build
running build_py
running install
running install_lib
copying /home/vinicius/ros2_ws/build/robot_bringup/build/lib/robot_bringup/__init__.py -> /home/vinicius/ros2_ws/install/robot_bringup/lib/python3.10/site-packages/robot_bringup
byte-compiling /home/vinicius/ros2_ws/install/robot_bringup/lib/python3.10/site-packages/robot_bringup/__init__.py to __init__.cpython-310.pyc
running install_data
copying resource/robot_bringup -> /home/vinicius/ros2_ws/install/robot_bringup/share/ament_index/resource_index/packages
copying package.xml -> /home/vinicius/ros2_ws/install/robot_bringup/share/robot_bringup
copying launch/teleop_keyboard.launch.py -> /home/vinicius/ros2_ws/install/robot_bringup/share/robot_bringup/launch
copying launch/view_map.launch.py -> /home/vinicius/ros2_ws/install/robot_bringup/share/robot_bringup/launch
copying launch/robot_state.launch.py -> /home/vinicius/ros2_ws/install/robot_bringup/share/robot_bringup/launch
copying launch/cmd_vel.launch.py -> /home/vinicius/ros2_ws/install/robot_bringup/share/robot_bringup/launch
copying launch/gazebo.launch.py -> /home/vinicius/ros2_ws/install/robot_bringup/share/robot_bringup/launch
copying launch/navigation.launch.py -> /home/vinicius/ros2_ws/install/robot_bringup/share/robot_bringup/launch
copying launch/full_system.launch.py -> /home/vinicius/ros2_ws/install/robot_bringup/share/robot_bringup/launch
copying launch/mapping.launch.py -> /home/vinicius/ros2_ws/install/robot_bringup/share/robot_bringup/launch
copying launch/gazebo_world.launch.py -> /home/vinicius/ros2_ws/install/robot_bringup/share/robot_bringup/launch
copying launch/slam.launch.py -> /home/vinicius/ros2_ws/install/robot_bringup/share/robot_bringup/launch
copying config/slam_view.rviz -> /home/vinicius/ros2_ws/install/robot_bringup/share/robot_bringup/config
copying config/view_map.rviz -> /home/vinicius/ros2_ws/install/robot_bringup/share/robot_bringup/config
copying config/mapper_params_online_async.yaml -> /home/vinicius/ros2_ws/install/robot_bringup/share/robot_bringup/config
copying config/mapping_config.rviz -> /home/vinicius/ros2_ws/install/robot_bringup/share/robot_bringup/config
copying worlds/robot.urdf -> /home/vinicius/ros2_ws/install/robot_bringup/share/robot_bringup/worlds
copying worlds/main.sdf -> /home/vinicius/ros2_ws/install/robot_bringup/share/robot_bringup/worlds
copying worlds/wall.model.sdf -> /home/vinicius/ros2_ws/install/robot_bringup/share/robot_bringup/worlds
copying worlds/robot.model.sdf -> /home/vinicius/ros2_ws/install/robot_bringup/share/robot_bringup/worlds
copying scripts/clean_system.sh -> /home/vinicius/ros2_ws/install/robot_bringup/share/robot_bringup/scripts
copying scripts/save_map.py -> /home/vinicius/ros2_ws/install/robot_bringup/share/robot_bringup/scripts
copying scripts/test_lidar.sh -> /home/vinicius/ros2_ws/install/robot_bringup/share/robot_bringup/scripts
copying scripts/launch_gazebo.sh -> /home/vinicius/ros2_ws/install/robot_bringup/share/robot_bringup/scripts
copying scripts/odom_monitor.py -> /home/vinicius/ros2_ws/install/robot_bringup/share/robot_bringup/scripts
copying scripts/diagnose_slam.sh -> /home/vinicius/ros2_ws/install/robot_bringup/share/robot_bringup/scripts
copying scripts/odom_tf_publisher.py -> /home/vinicius/ros2_ws/install/robot_bringup/share/robot_bringup/scripts
copying models/wall/model.sdf -> /home/vinicius/ros2_ws/install/robot_bringup/share/robot_bringup/models/wall
copying models/Robot/model.sdf -> /home/vinicius/ros2_ws/install/robot_bringup/share/robot_bringup/models/Robot
running install_egg_info
Copying ../../build/robot_bringup/robot_bringup.egg-info to /home/vinicius/ros2_ws/install/robot_bringup/lib/python3.10/site-packages/robot_bringup-0.0.0-py3.10.egg-info
running install_scripts
Installing odom_monitor.py script to /home/vinicius/ros2_ws/install/robot_bringup/lib/robot_bringup
Installing odom_tf_publisher script to /home/vinicius/ros2_ws/install/robot_bringup/lib/robot_bringup
Installing save_map.py script to /home/vinicius/ros2_ws/install/robot_bringup/lib/robot_bringup
writing list of installed files to '/home/vinicius/ros2_ws/build/robot_bringup/install.log'
