[0.284s] DEBUG:colcon:Command line arguments: ['/usr/bin/colcon', 'build', '--packages-select', 'robot_bringup']
[0.284s] DEBUG:colcon:Parsed command line arguments: Namespace(log_base=None, log_level=None, verb_name='build', build_base='build', install_base='install', merge_install=False, symlink_install=False, test_result_base=None, continue_on_error=False, executor='parallel', parallel_workers=12, event_handlers=None, ignore_user_meta=False, metas=['./colcon.meta'], base_paths=['.'], packages_ignore=None, packages_ignore_regex=None, paths=None, packages_up_to=None, packages_up_to_regex=None, packages_above=None, packages_above_and_dependencies=None, packages_above_depth=None, packages_select_by_dep=None, packages_skip_by_dep=None, packages_skip_up_to=None, packages_select_build_failed=False, packages_skip_build_finished=False, packages_select_test_failures=False, packages_skip_test_passed=False, packages_select=['robot_bringup'], packages_skip=None, packages_select_regex=None, packages_skip_regex=None, packages_start=None, packages_end=None, allow_overriding=[], cmake_args=None, cmake_target=None, cmake_target_skip_unavailable=False, cmake_clean_cache=False, cmake_clean_first=False, cmake_force_configure=False, ament_cmake_args=None, catkin_cmake_args=None, catkin_skip_building_tests=False, mixin_files=None, mixin=None, verb_parser=<colcon_mixin.mixin.mixin_argument.MixinArgumentDecorator object at 0x7b2119669e10>, verb_extension=<colcon_core.verb.build.BuildVerb object at 0x7b21197df310>, main=<bound method BuildVerb.main of <colcon_core.verb.build.BuildVerb object at 0x7b21197df310>>, mixin_verb=('build',))
[0.723s] Level 1:colcon.colcon_core.package_discovery:discover_packages(colcon_meta) check parameters
[0.723s] Level 1:colcon.colcon_core.package_discovery:discover_packages(recursive) check parameters
[0.724s] Level 1:colcon.colcon_core.package_discovery:discover_packages(ignore) check parameters
[0.724s] Level 1:colcon.colcon_core.package_discovery:discover_packages(path) check parameters
[0.724s] Level 1:colcon.colcon_core.package_discovery:discover_packages(colcon_meta) discover
[0.724s] Level 1:colcon.colcon_core.package_discovery:discover_packages(recursive) discover
[0.724s] INFO:colcon.colcon_core.package_discovery:Crawling recursively for packages in '/home/vinicius/ros2_ws'
[0.724s] Level 1:colcon.colcon_core.package_identification:_identify(.) by extensions ['ignore', 'ignore_ament_install']
[0.725s] Level 1:colcon.colcon_core.package_identification:_identify(.) by extension 'ignore'
[0.725s] Level 1:colcon.colcon_core.package_identification:_identify(.) by extension 'ignore_ament_install'
[0.725s] Level 1:colcon.colcon_core.package_identification:_identify(.) by extensions ['colcon_pkg']
[0.725s] Level 1:colcon.colcon_core.package_identification:_identify(.) by extension 'colcon_pkg'
[0.725s] Level 1:colcon.colcon_core.package_identification:_identify(.) by extensions ['colcon_meta']
[0.725s] Level 1:colcon.colcon_core.package_identification:_identify(.) by extension 'colcon_meta'
[0.725s] Level 1:colcon.colcon_core.package_identification:_identify(.) by extensions ['ros']
[0.725s] Level 1:colcon.colcon_core.package_identification:_identify(.) by extension 'ros'
[0.752s] Level 1:colcon.colcon_core.package_identification:_identify(.) by extensions ['cmake', 'python']
[0.753s] Level 1:colcon.colcon_core.package_identification:_identify(.) by extension 'cmake'
[0.753s] Level 1:colcon.colcon_core.package_identification:_identify(.) by extension 'python'
[0.753s] Level 1:colcon.colcon_core.package_identification:_identify(.) by extensions ['python_setup_py']
[0.753s] Level 1:colcon.colcon_core.package_identification:_identify(.) by extension 'python_setup_py'
[0.753s] Level 1:colcon.colcon_core.package_identification:_identify(build) by extensions ['ignore', 'ignore_ament_install']
[0.753s] Level 1:colcon.colcon_core.package_identification:_identify(build) by extension 'ignore'
[0.754s] Level 1:colcon.colcon_core.package_identification:_identify(build) ignored
[0.754s] Level 1:colcon.colcon_core.package_identification:_identify(config) by extensions ['ignore', 'ignore_ament_install']
[0.754s] Level 1:colcon.colcon_core.package_identification:_identify(config) by extension 'ignore'
[0.754s] Level 1:colcon.colcon_core.package_identification:_identify(config) by extension 'ignore_ament_install'
[0.754s] Level 1:colcon.colcon_core.package_identification:_identify(config) by extensions ['colcon_pkg']
[0.755s] Level 1:colcon.colcon_core.package_identification:_identify(config) by extension 'colcon_pkg'
[0.755s] Level 1:colcon.colcon_core.package_identification:_identify(config) by extensions ['colcon_meta']
[0.755s] Level 1:colcon.colcon_core.package_identification:_identify(config) by extension 'colcon_meta'
[0.755s] Level 1:colcon.colcon_core.package_identification:_identify(config) by extensions ['ros']
[0.755s] Level 1:colcon.colcon_core.package_identification:_identify(config) by extension 'ros'
[0.755s] Level 1:colcon.colcon_core.package_identification:_identify(config) by extensions ['cmake', 'python']
[0.755s] Level 1:colcon.colcon_core.package_identification:_identify(config) by extension 'cmake'
[0.756s] Level 1:colcon.colcon_core.package_identification:_identify(config) by extension 'python'
[0.756s] Level 1:colcon.colcon_core.package_identification:_identify(config) by extensions ['python_setup_py']
[0.756s] Level 1:colcon.colcon_core.package_identification:_identify(config) by extension 'python_setup_py'
[0.756s] Level 1:colcon.colcon_core.package_identification:_identify(install) by extensions ['ignore', 'ignore_ament_install']
[0.757s] Level 1:colcon.colcon_core.package_identification:_identify(install) by extension 'ignore'
[0.757s] Level 1:colcon.colcon_core.package_identification:_identify(install) ignored
[0.757s] Level 1:colcon.colcon_core.package_identification:_identify(log) by extensions ['ignore', 'ignore_ament_install']
[0.758s] Level 1:colcon.colcon_core.package_identification:_identify(log) by extension 'ignore'
[0.758s] Level 1:colcon.colcon_core.package_identification:_identify(log) ignored
[0.758s] Level 1:colcon.colcon_core.package_identification:_identify(plugins) by extensions ['ignore', 'ignore_ament_install']
[0.758s] Level 1:colcon.colcon_core.package_identification:_identify(plugins) by extension 'ignore'
[0.758s] Level 1:colcon.colcon_core.package_identification:_identify(plugins) by extension 'ignore_ament_install'
[0.759s] Level 1:colcon.colcon_core.package_identification:_identify(plugins) by extensions ['colcon_pkg']
[0.759s] Level 1:colcon.colcon_core.package_identification:_identify(plugins) by extension 'colcon_pkg'
[0.759s] Level 1:colcon.colcon_core.package_identification:_identify(plugins) by extensions ['colcon_meta']
[0.759s] Level 1:colcon.colcon_core.package_identification:_identify(plugins) by extension 'colcon_meta'
[0.759s] Level 1:colcon.colcon_core.package_identification:_identify(plugins) by extensions ['ros']
[0.759s] Level 1:colcon.colcon_core.package_identification:_identify(plugins) by extension 'ros'
[0.759s] Level 1:colcon.colcon_core.package_identification:_identify(plugins) by extensions ['cmake', 'python']
[0.759s] Level 1:colcon.colcon_core.package_identification:_identify(plugins) by extension 'cmake'
[0.759s] Level 1:colcon.colcon_core.package_identification:_identify(plugins) by extension 'python'
[0.759s] Level 1:colcon.colcon_core.package_identification:_identify(plugins) by extensions ['python_setup_py']
[0.759s] Level 1:colcon.colcon_core.package_identification:_identify(plugins) by extension 'python_setup_py'
[0.760s] Level 1:colcon.colcon_core.package_identification:_identify(src) by extensions ['ignore', 'ignore_ament_install']
[0.760s] Level 1:colcon.colcon_core.package_identification:_identify(src) by extension 'ignore'
[0.760s] Level 1:colcon.colcon_core.package_identification:_identify(src) by extension 'ignore_ament_install'
[0.760s] Level 1:colcon.colcon_core.package_identification:_identify(src) by extensions ['colcon_pkg']
[0.760s] Level 1:colcon.colcon_core.package_identification:_identify(src) by extension 'colcon_pkg'
[0.760s] Level 1:colcon.colcon_core.package_identification:_identify(src) by extensions ['colcon_meta']
[0.760s] Level 1:colcon.colcon_core.package_identification:_identify(src) by extension 'colcon_meta'
[0.761s] Level 1:colcon.colcon_core.package_identification:_identify(src) by extensions ['ros']
[0.761s] Level 1:colcon.colcon_core.package_identification:_identify(src) by extension 'ros'
[0.761s] Level 1:colcon.colcon_core.package_identification:_identify(src) by extensions ['cmake', 'python']
[0.761s] Level 1:colcon.colcon_core.package_identification:_identify(src) by extension 'cmake'
[0.761s] Level 1:colcon.colcon_core.package_identification:_identify(src) by extension 'python'
[0.761s] Level 1:colcon.colcon_core.package_identification:_identify(src) by extensions ['python_setup_py']
[0.761s] Level 1:colcon.colcon_core.package_identification:_identify(src) by extension 'python_setup_py'
[0.761s] Level 1:colcon.colcon_core.package_identification:_identify(src/my_package) by extensions ['ignore', 'ignore_ament_install']
[0.762s] Level 1:colcon.colcon_core.package_identification:_identify(src/my_package) by extension 'ignore'
[0.762s] Level 1:colcon.colcon_core.package_identification:_identify(src/my_package) by extension 'ignore_ament_install'
[0.762s] Level 1:colcon.colcon_core.package_identification:_identify(src/my_package) by extensions ['colcon_pkg']
[0.762s] Level 1:colcon.colcon_core.package_identification:_identify(src/my_package) by extension 'colcon_pkg'
[0.762s] Level 1:colcon.colcon_core.package_identification:_identify(src/my_package) by extensions ['colcon_meta']
[0.762s] Level 1:colcon.colcon_core.package_identification:_identify(src/my_package) by extension 'colcon_meta'
[0.762s] Level 1:colcon.colcon_core.package_identification:_identify(src/my_package) by extensions ['ros']
[0.762s] Level 1:colcon.colcon_core.package_identification:_identify(src/my_package) by extension 'ros'
[0.768s] DEBUG:colcon.colcon_core.package_identification:Package 'src/my_package' with type 'ros.ament_python' and name 'my_package'
[0.768s] Level 1:colcon.colcon_core.package_identification:_identify(src/pose_bringup) by extensions ['ignore', 'ignore_ament_install']
[0.768s] Level 1:colcon.colcon_core.package_identification:_identify(src/pose_bringup) by extension 'ignore'
[0.768s] Level 1:colcon.colcon_core.package_identification:_identify(src/pose_bringup) by extension 'ignore_ament_install'
[0.768s] Level 1:colcon.colcon_core.package_identification:_identify(src/pose_bringup) by extensions ['colcon_pkg']
[0.769s] Level 1:colcon.colcon_core.package_identification:_identify(src/pose_bringup) by extension 'colcon_pkg'
[0.769s] Level 1:colcon.colcon_core.package_identification:_identify(src/pose_bringup) by extensions ['colcon_meta']
[0.769s] Level 1:colcon.colcon_core.package_identification:_identify(src/pose_bringup) by extension 'colcon_meta'
[0.769s] Level 1:colcon.colcon_core.package_identification:_identify(src/pose_bringup) by extensions ['ros']
[0.769s] Level 1:colcon.colcon_core.package_identification:_identify(src/pose_bringup) by extension 'ros'
[0.770s] DEBUG:colcon.colcon_core.package_identification:Package 'src/pose_bringup' with type 'ros.ament_python' and name 'pose_bringup'
[0.771s] Level 1:colcon.colcon_core.package_identification:_identify(src/robot_bringup) by extensions ['ignore', 'ignore_ament_install']
[0.771s] Level 1:colcon.colcon_core.package_identification:_identify(src/robot_bringup) by extension 'ignore'
[0.771s] Level 1:colcon.colcon_core.package_identification:_identify(src/robot_bringup) by extension 'ignore_ament_install'
[0.771s] Level 1:colcon.colcon_core.package_identification:_identify(src/robot_bringup) by extensions ['colcon_pkg']
[0.771s] Level 1:colcon.colcon_core.package_identification:_identify(src/robot_bringup) by extension 'colcon_pkg'
[0.771s] Level 1:colcon.colcon_core.package_identification:_identify(src/robot_bringup) by extensions ['colcon_meta']
[0.772s] Level 1:colcon.colcon_core.package_identification:_identify(src/robot_bringup) by extension 'colcon_meta'
[0.772s] Level 1:colcon.colcon_core.package_identification:_identify(src/robot_bringup) by extensions ['ros']
[0.772s] Level 1:colcon.colcon_core.package_identification:_identify(src/robot_bringup) by extension 'ros'
[0.773s] DEBUG:colcon.colcon_core.package_identification:Package 'src/robot_bringup' with type 'ros.ament_python' and name 'robot_bringup'
[0.773s] Level 1:colcon.colcon_core.package_identification:_identify(src/ros_gz) by extensions ['ignore', 'ignore_ament_install']
[0.774s] Level 1:colcon.colcon_core.package_identification:_identify(src/ros_gz) by extension 'ignore'
[0.774s] Level 1:colcon.colcon_core.package_identification:_identify(src/ros_gz) by extension 'ignore_ament_install'
[0.774s] Level 1:colcon.colcon_core.package_identification:_identify(src/ros_gz) by extensions ['colcon_pkg']
[0.774s] Level 1:colcon.colcon_core.package_identification:_identify(src/ros_gz) by extension 'colcon_pkg'
[0.774s] Level 1:colcon.colcon_core.package_identification:_identify(src/ros_gz) by extensions ['colcon_meta']
[0.774s] Level 1:colcon.colcon_core.package_identification:_identify(src/ros_gz) by extension 'colcon_meta'
[0.774s] Level 1:colcon.colcon_core.package_identification:_identify(src/ros_gz) by extensions ['ros']
[0.774s] Level 1:colcon.colcon_core.package_identification:_identify(src/ros_gz) by extension 'ros'
[0.775s] Level 1:colcon.colcon_core.package_identification:_identify(src/ros_gz) by extensions ['cmake', 'python']
[0.775s] Level 1:colcon.colcon_core.package_identification:_identify(src/ros_gz) by extension 'cmake'
[0.775s] Level 1:colcon.colcon_core.package_identification:_identify(src/ros_gz) by extension 'python'
[0.775s] Level 1:colcon.colcon_core.package_identification:_identify(src/ros_gz) by extensions ['python_setup_py']
[0.775s] Level 1:colcon.colcon_core.package_identification:_identify(src/ros_gz) by extension 'python_setup_py'
[0.775s] Level 1:colcon.colcon_core.package_identification:_identify(src/ros_gz/img) by extensions ['ignore', 'ignore_ament_install']
[0.775s] Level 1:colcon.colcon_core.package_identification:_identify(src/ros_gz/img) by extension 'ignore'
[0.776s] Level 1:colcon.colcon_core.package_identification:_identify(src/ros_gz/img) by extension 'ignore_ament_install'
[0.776s] Level 1:colcon.colcon_core.package_identification:_identify(src/ros_gz/img) by extensions ['colcon_pkg']
[0.776s] Level 1:colcon.colcon_core.package_identification:_identify(src/ros_gz/img) by extension 'colcon_pkg'
[0.776s] Level 1:colcon.colcon_core.package_identification:_identify(src/ros_gz/img) by extensions ['colcon_meta']
[0.776s] Level 1:colcon.colcon_core.package_identification:_identify(src/ros_gz/img) by extension 'colcon_meta'
[0.776s] Level 1:colcon.colcon_core.package_identification:_identify(src/ros_gz/img) by extensions ['ros']
[0.776s] Level 1:colcon.colcon_core.package_identification:_identify(src/ros_gz/img) by extension 'ros'
[0.776s] Level 1:colcon.colcon_core.package_identification:_identify(src/ros_gz/img) by extensions ['cmake', 'python']
[0.776s] Level 1:colcon.colcon_core.package_identification:_identify(src/ros_gz/img) by extension 'cmake'
[0.777s] Level 1:colcon.colcon_core.package_identification:_identify(src/ros_gz/img) by extension 'python'
[0.777s] Level 1:colcon.colcon_core.package_identification:_identify(src/ros_gz/img) by extensions ['python_setup_py']
[0.777s] Level 1:colcon.colcon_core.package_identification:_identify(src/ros_gz/img) by extension 'python_setup_py'
[0.777s] Level 1:colcon.colcon_core.package_identification:_identify(src/ros_gz/ros_gz) by extensions ['ignore', 'ignore_ament_install']
[0.777s] Level 1:colcon.colcon_core.package_identification:_identify(src/ros_gz/ros_gz) by extension 'ignore'
[0.777s] Level 1:colcon.colcon_core.package_identification:_identify(src/ros_gz/ros_gz) by extension 'ignore_ament_install'
[0.777s] Level 1:colcon.colcon_core.package_identification:_identify(src/ros_gz/ros_gz) by extensions ['colcon_pkg']
[0.777s] Level 1:colcon.colcon_core.package_identification:_identify(src/ros_gz/ros_gz) by extension 'colcon_pkg'
[0.778s] Level 1:colcon.colcon_core.package_identification:_identify(src/ros_gz/ros_gz) by extensions ['colcon_meta']
[0.778s] Level 1:colcon.colcon_core.package_identification:_identify(src/ros_gz/ros_gz) by extension 'colcon_meta'
[0.778s] Level 1:colcon.colcon_core.package_identification:_identify(src/ros_gz/ros_gz) by extensions ['ros']
[0.778s] Level 1:colcon.colcon_core.package_identification:_identify(src/ros_gz/ros_gz) by extension 'ros'
[0.779s] DEBUG:colcon.colcon_core.package_identification:Package 'src/ros_gz/ros_gz' with type 'ros.ament_cmake' and name 'ros_gz'
[0.780s] Level 1:colcon.colcon_core.package_identification:_identify(src/ros_gz/ros_gz_bridge) by extensions ['ignore', 'ignore_ament_install']
[0.780s] Level 1:colcon.colcon_core.package_identification:_identify(src/ros_gz/ros_gz_bridge) by extension 'ignore'
[0.780s] Level 1:colcon.colcon_core.package_identification:_identify(src/ros_gz/ros_gz_bridge) by extension 'ignore_ament_install'
[0.780s] Level 1:colcon.colcon_core.package_identification:_identify(src/ros_gz/ros_gz_bridge) by extensions ['colcon_pkg']
[0.780s] Level 1:colcon.colcon_core.package_identification:_identify(src/ros_gz/ros_gz_bridge) by extension 'colcon_pkg'
[0.780s] Level 1:colcon.colcon_core.package_identification:_identify(src/ros_gz/ros_gz_bridge) by extensions ['colcon_meta']
[0.780s] Level 1:colcon.colcon_core.package_identification:_identify(src/ros_gz/ros_gz_bridge) by extension 'colcon_meta'
[0.781s] Level 1:colcon.colcon_core.package_identification:_identify(src/ros_gz/ros_gz_bridge) by extensions ['ros']
[0.781s] Level 1:colcon.colcon_core.package_identification:_identify(src/ros_gz/ros_gz_bridge) by extension 'ros'
[0.786s] DEBUG:colcon.colcon_core.package_identification:Package 'src/ros_gz/ros_gz_bridge' with type 'ros.ament_cmake' and name 'ros_gz_bridge'
[0.786s] Level 1:colcon.colcon_core.package_identification:_identify(src/ros_gz/ros_gz_image) by extensions ['ignore', 'ignore_ament_install']
[0.786s] Level 1:colcon.colcon_core.package_identification:_identify(src/ros_gz/ros_gz_image) by extension 'ignore'
[0.786s] Level 1:colcon.colcon_core.package_identification:_identify(src/ros_gz/ros_gz_image) by extension 'ignore_ament_install'
[0.786s] Level 1:colcon.colcon_core.package_identification:_identify(src/ros_gz/ros_gz_image) by extensions ['colcon_pkg']
[0.786s] Level 1:colcon.colcon_core.package_identification:_identify(src/ros_gz/ros_gz_image) by extension 'colcon_pkg'
[0.787s] Level 1:colcon.colcon_core.package_identification:_identify(src/ros_gz/ros_gz_image) by extensions ['colcon_meta']
[0.787s] Level 1:colcon.colcon_core.package_identification:_identify(src/ros_gz/ros_gz_image) by extension 'colcon_meta'
[0.787s] Level 1:colcon.colcon_core.package_identification:_identify(src/ros_gz/ros_gz_image) by extensions ['ros']
[0.787s] Level 1:colcon.colcon_core.package_identification:_identify(src/ros_gz/ros_gz_image) by extension 'ros'
[0.789s] DEBUG:colcon.colcon_core.package_identification:Package 'src/ros_gz/ros_gz_image' with type 'ros.ament_cmake' and name 'ros_gz_image'
[0.790s] Level 1:colcon.colcon_core.package_identification:_identify(src/ros_gz/ros_gz_interfaces) by extensions ['ignore', 'ignore_ament_install']
[0.790s] Level 1:colcon.colcon_core.package_identification:_identify(src/ros_gz/ros_gz_interfaces) by extension 'ignore'
[0.790s] Level 1:colcon.colcon_core.package_identification:_identify(src/ros_gz/ros_gz_interfaces) by extension 'ignore_ament_install'
[0.790s] Level 1:colcon.colcon_core.package_identification:_identify(src/ros_gz/ros_gz_interfaces) by extensions ['colcon_pkg']
[0.790s] Level 1:colcon.colcon_core.package_identification:_identify(src/ros_gz/ros_gz_interfaces) by extension 'colcon_pkg'
[0.790s] Level 1:colcon.colcon_core.package_identification:_identify(src/ros_gz/ros_gz_interfaces) by extensions ['colcon_meta']
[0.790s] Level 1:colcon.colcon_core.package_identification:_identify(src/ros_gz/ros_gz_interfaces) by extension 'colcon_meta'
[0.791s] Level 1:colcon.colcon_core.package_identification:_identify(src/ros_gz/ros_gz_interfaces) by extensions ['ros']
[0.791s] Level 1:colcon.colcon_core.package_identification:_identify(src/ros_gz/ros_gz_interfaces) by extension 'ros'
[0.792s] DEBUG:colcon.colcon_core.package_identification:Package 'src/ros_gz/ros_gz_interfaces' with type 'ros.ament_cmake' and name 'ros_gz_interfaces'
[0.793s] Level 1:colcon.colcon_core.package_identification:_identify(src/ros_gz/ros_gz_point_cloud) by extensions ['ignore', 'ignore_ament_install']
[0.793s] Level 1:colcon.colcon_core.package_identification:_identify(src/ros_gz/ros_gz_point_cloud) by extension 'ignore'
[0.793s] Level 1:colcon.colcon_core.package_identification:_identify(src/ros_gz/ros_gz_point_cloud) ignored
[0.793s] Level 1:colcon.colcon_core.package_identification:_identify(src/ros_gz/ros_gz_sim) by extensions ['ignore', 'ignore_ament_install']
[0.793s] Level 1:colcon.colcon_core.package_identification:_identify(src/ros_gz/ros_gz_sim) by extension 'ignore'
[0.793s] Level 1:colcon.colcon_core.package_identification:_identify(src/ros_gz/ros_gz_sim) by extension 'ignore_ament_install'
[0.794s] Level 1:colcon.colcon_core.package_identification:_identify(src/ros_gz/ros_gz_sim) by extensions ['colcon_pkg']
[0.794s] Level 1:colcon.colcon_core.package_identification:_identify(src/ros_gz/ros_gz_sim) by extension 'colcon_pkg'
[0.794s] Level 1:colcon.colcon_core.package_identification:_identify(src/ros_gz/ros_gz_sim) by extensions ['colcon_meta']
[0.794s] Level 1:colcon.colcon_core.package_identification:_identify(src/ros_gz/ros_gz_sim) by extension 'colcon_meta'
[0.794s] Level 1:colcon.colcon_core.package_identification:_identify(src/ros_gz/ros_gz_sim) by extensions ['ros']
[0.794s] Level 1:colcon.colcon_core.package_identification:_identify(src/ros_gz/ros_gz_sim) by extension 'ros'
[0.802s] DEBUG:colcon.colcon_core.package_identification:Package 'src/ros_gz/ros_gz_sim' with type 'ros.ament_cmake' and name 'ros_gz_sim'
[0.802s] Level 1:colcon.colcon_core.package_identification:_identify(src/ros_gz/ros_gz_sim_demos) by extensions ['ignore', 'ignore_ament_install']
[0.802s] Level 1:colcon.colcon_core.package_identification:_identify(src/ros_gz/ros_gz_sim_demos) by extension 'ignore'
[0.803s] Level 1:colcon.colcon_core.package_identification:_identify(src/ros_gz/ros_gz_sim_demos) by extension 'ignore_ament_install'
[0.803s] Level 1:colcon.colcon_core.package_identification:_identify(src/ros_gz/ros_gz_sim_demos) by extensions ['colcon_pkg']
[0.803s] Level 1:colcon.colcon_core.package_identification:_identify(src/ros_gz/ros_gz_sim_demos) by extension 'colcon_pkg'
[0.803s] Level 1:colcon.colcon_core.package_identification:_identify(src/ros_gz/ros_gz_sim_demos) by extensions ['colcon_meta']
[0.803s] Level 1:colcon.colcon_core.package_identification:_identify(src/ros_gz/ros_gz_sim_demos) by extension 'colcon_meta'
[0.803s] Level 1:colcon.colcon_core.package_identification:_identify(src/ros_gz/ros_gz_sim_demos) by extensions ['ros']
[0.803s] Level 1:colcon.colcon_core.package_identification:_identify(src/ros_gz/ros_gz_sim_demos) by extension 'ros'
[0.805s] DEBUG:colcon.colcon_core.package_identification:Package 'src/ros_gz/ros_gz_sim_demos' with type 'ros.ament_cmake' and name 'ros_gz_sim_demos'
[0.805s] Level 1:colcon.colcon_core.package_identification:_identify(src/ros_gz/test_ros_gz_bridge) by extensions ['ignore', 'ignore_ament_install']
[0.806s] Level 1:colcon.colcon_core.package_identification:_identify(src/ros_gz/test_ros_gz_bridge) by extension 'ignore'
[0.806s] Level 1:colcon.colcon_core.package_identification:_identify(src/ros_gz/test_ros_gz_bridge) by extension 'ignore_ament_install'
[0.806s] Level 1:colcon.colcon_core.package_identification:_identify(src/ros_gz/test_ros_gz_bridge) by extensions ['colcon_pkg']
[0.806s] Level 1:colcon.colcon_core.package_identification:_identify(src/ros_gz/test_ros_gz_bridge) by extension 'colcon_pkg'
[0.806s] Level 1:colcon.colcon_core.package_identification:_identify(src/ros_gz/test_ros_gz_bridge) by extensions ['colcon_meta']
[0.806s] Level 1:colcon.colcon_core.package_identification:_identify(src/ros_gz/test_ros_gz_bridge) by extension 'colcon_meta'
[0.806s] Level 1:colcon.colcon_core.package_identification:_identify(src/ros_gz/test_ros_gz_bridge) by extensions ['ros']
[0.806s] Level 1:colcon.colcon_core.package_identification:_identify(src/ros_gz/test_ros_gz_bridge) by extension 'ros'
[0.808s] DEBUG:colcon.colcon_core.package_identification:Package 'src/ros_gz/test_ros_gz_bridge' with type 'ros.ament_cmake' and name 'test_ros_gz_bridge'
[0.809s] Level 1:colcon.colcon_core.package_identification:_identify(src/ros_gz/tools) by extensions ['ignore', 'ignore_ament_install']
[0.809s] Level 1:colcon.colcon_core.package_identification:_identify(src/ros_gz/tools) by extension 'ignore'
[0.809s] Level 1:colcon.colcon_core.package_identification:_identify(src/ros_gz/tools) by extension 'ignore_ament_install'
[0.809s] Level 1:colcon.colcon_core.package_identification:_identify(src/ros_gz/tools) by extensions ['colcon_pkg']
[0.809s] Level 1:colcon.colcon_core.package_identification:_identify(src/ros_gz/tools) by extension 'colcon_pkg'
[0.809s] Level 1:colcon.colcon_core.package_identification:_identify(src/ros_gz/tools) by extensions ['colcon_meta']
[0.809s] Level 1:colcon.colcon_core.package_identification:_identify(src/ros_gz/tools) by extension 'colcon_meta'
[0.809s] Level 1:colcon.colcon_core.package_identification:_identify(src/ros_gz/tools) by extensions ['ros']
[0.809s] Level 1:colcon.colcon_core.package_identification:_identify(src/ros_gz/tools) by extension 'ros'
[0.810s] Level 1:colcon.colcon_core.package_identification:_identify(src/ros_gz/tools) by extensions ['cmake', 'python']
[0.810s] Level 1:colcon.colcon_core.package_identification:_identify(src/ros_gz/tools) by extension 'cmake'
[0.810s] Level 1:colcon.colcon_core.package_identification:_identify(src/ros_gz/tools) by extension 'python'
[0.810s] Level 1:colcon.colcon_core.package_identification:_identify(src/ros_gz/tools) by extensions ['python_setup_py']
[0.810s] Level 1:colcon.colcon_core.package_identification:_identify(src/ros_gz/tools) by extension 'python_setup_py'
[0.810s] Level 1:colcon.colcon_core.package_discovery:discover_packages(recursive) using defaults
[0.810s] Level 1:colcon.colcon_core.package_discovery:discover_packages(ignore) discover
[0.810s] Level 1:colcon.colcon_core.package_discovery:discover_packages(ignore) using defaults
[0.811s] Level 1:colcon.colcon_core.package_discovery:discover_packages(path) discover
[0.811s] Level 1:colcon.colcon_core.package_discovery:discover_packages(path) using defaults
[0.892s] INFO:colcon.colcon_core.package_selection:Skipping not selected package 'my_package' in 'src/my_package'
[0.892s] INFO:colcon.colcon_core.package_selection:Skipping not selected package 'pose_bringup' in 'src/pose_bringup'
[0.892s] INFO:colcon.colcon_core.package_selection:Skipping not selected package 'ros_gz_interfaces' in 'src/ros_gz/ros_gz_interfaces'
[0.892s] INFO:colcon.colcon_core.package_selection:Skipping not selected package 'ros_gz_bridge' in 'src/ros_gz/ros_gz_bridge'
[0.892s] INFO:colcon.colcon_core.package_selection:Skipping not selected package 'ros_gz_image' in 'src/ros_gz/ros_gz_image'
[0.892s] INFO:colcon.colcon_core.package_selection:Skipping not selected package 'ros_gz_sim' in 'src/ros_gz/ros_gz_sim'
[0.892s] INFO:colcon.colcon_core.package_selection:Skipping not selected package 'test_ros_gz_bridge' in 'src/ros_gz/test_ros_gz_bridge'
[0.892s] INFO:colcon.colcon_core.package_selection:Skipping not selected package 'ros_gz_sim_demos' in 'src/ros_gz/ros_gz_sim_demos'
[0.892s] INFO:colcon.colcon_core.package_selection:Skipping not selected package 'ros_gz' in 'src/ros_gz/ros_gz'
[0.893s] Level 1:colcon.colcon_core.package_discovery:discover_packages(prefix_path) check parameters
[0.894s] Level 1:colcon.colcon_core.package_discovery:discover_packages(prefix_path) discover
[0.900s] DEBUG:colcon.colcon_installed_package_information.package_discovery:Found 292 installed packages in /opt/ros/humble
[0.905s] Level 1:colcon.colcon_core.package_discovery:discover_packages(prefix_path) using defaults
[1.048s] Level 5:colcon.colcon_core.verb:set package 'robot_bringup' build argument 'cmake_args' from command line to 'None'
[1.048s] Level 5:colcon.colcon_core.verb:set package 'robot_bringup' build argument 'cmake_target' from command line to 'None'
[1.048s] Level 5:colcon.colcon_core.verb:set package 'robot_bringup' build argument 'cmake_target_skip_unavailable' from command line to 'False'
[1.048s] Level 5:colcon.colcon_core.verb:set package 'robot_bringup' build argument 'cmake_clean_cache' from command line to 'False'
[1.049s] Level 5:colcon.colcon_core.verb:set package 'robot_bringup' build argument 'cmake_clean_first' from command line to 'False'
[1.049s] Level 5:colcon.colcon_core.verb:set package 'robot_bringup' build argument 'cmake_force_configure' from command line to 'False'
[1.049s] Level 5:colcon.colcon_core.verb:set package 'robot_bringup' build argument 'ament_cmake_args' from command line to 'None'
[1.049s] Level 5:colcon.colcon_core.verb:set package 'robot_bringup' build argument 'catkin_cmake_args' from command line to 'None'
[1.049s] Level 5:colcon.colcon_core.verb:set package 'robot_bringup' build argument 'catkin_skip_building_tests' from command line to 'False'
[1.049s] DEBUG:colcon.colcon_core.verb:Building package 'robot_bringup' with the following arguments: {'ament_cmake_args': None, 'build_base': '/home/vinicius/ros2_ws/build/robot_bringup', 'catkin_cmake_args': None, 'catkin_skip_building_tests': False, 'cmake_args': None, 'cmake_clean_cache': False, 'cmake_clean_first': False, 'cmake_force_configure': False, 'cmake_target': None, 'cmake_target_skip_unavailable': False, 'install_base': '/home/vinicius/ros2_ws/install/robot_bringup', 'merge_install': False, 'path': '/home/vinicius/ros2_ws/src/robot_bringup', 'symlink_install': False, 'test_result_base': None}
[1.050s] INFO:colcon.colcon_core.executor:Executing jobs using 'parallel' executor
[1.052s] DEBUG:colcon.colcon_parallel_executor.executor.parallel:run_until_complete
[1.052s] INFO:colcon.colcon_ros.task.ament_python.build:Building ROS package in '/home/vinicius/ros2_ws/src/robot_bringup' with build type 'ament_python'
[1.053s] Level 1:colcon.colcon_core.shell:create_environment_hook('robot_bringup', 'ament_prefix_path')
[1.059s] INFO:colcon.colcon_core.plugin_system:Skipping extension 'colcon_core.shell.bat': Not used on non-Windows systems
[1.059s] INFO:colcon.colcon_core.shell:Creating environment hook '/home/vinicius/ros2_ws/install/robot_bringup/share/robot_bringup/hook/ament_prefix_path.ps1'
[1.061s] INFO:colcon.colcon_core.shell:Creating environment descriptor '/home/vinicius/ros2_ws/install/robot_bringup/share/robot_bringup/hook/ament_prefix_path.dsv'
[1.062s] INFO:colcon.colcon_core.shell:Creating environment hook '/home/vinicius/ros2_ws/install/robot_bringup/share/robot_bringup/hook/ament_prefix_path.sh'
[1.064s] INFO:colcon.colcon_core.shell:Skip shell extension 'powershell' for command environment: Not usable outside of PowerShell
[1.064s] DEBUG:colcon.colcon_core.shell:Skip shell extension 'dsv' for command environment
[1.756s] INFO:colcon.colcon_core.task.python.build:Building Python package in '/home/vinicius/ros2_ws/src/robot_bringup'
[1.757s] INFO:colcon.colcon_core.shell:Skip shell extension 'powershell' for command environment: Not usable outside of PowerShell
[1.757s] DEBUG:colcon.colcon_core.shell:Skip shell extension 'dsv' for command environment
[2.602s] DEBUG:colcon.colcon_core.event_handler.log_command:Invoking command in '/home/vinicius/ros2_ws/src/robot_bringup': PYTHONPATH=/home/vinicius/ros2_ws/build/robot_bringup/prefix_override:/usr/lib/python3/dist-packages/colcon_core/task/python/colcon_distutils_commands:/home/vinicius/ros2_ws/install/robot_bringup/lib/python3.10/site-packages:${PYTHONPATH} /usr/bin/python3 -W ignore:setup.py install is deprecated -W ignore:easy_install command is deprecated setup.py egg_info --egg-base ../../build/robot_bringup build --build-base /home/vinicius/ros2_ws/build/robot_bringup/build install --record /home/vinicius/ros2_ws/build/robot_bringup/install.log --single-version-externally-managed install_data
[3.354s] DEBUG:colcon.colcon_core.event_handler.log_command:Invoked command in '/home/vinicius/ros2_ws/src/robot_bringup' returned '0': PYTHONPATH=/home/vinicius/ros2_ws/build/robot_bringup/prefix_override:/usr/lib/python3/dist-packages/colcon_core/task/python/colcon_distutils_commands:/home/vinicius/ros2_ws/install/robot_bringup/lib/python3.10/site-packages:${PYTHONPATH} /usr/bin/python3 -W ignore:setup.py install is deprecated -W ignore:easy_install command is deprecated setup.py egg_info --egg-base ../../build/robot_bringup build --build-base /home/vinicius/ros2_ws/build/robot_bringup/build install --record /home/vinicius/ros2_ws/build/robot_bringup/install.log --single-version-externally-managed install_data
[3.359s] Level 1:colcon.colcon_core.environment:checking '/home/vinicius/ros2_ws/install/robot_bringup' for CMake module files
[3.360s] Level 1:colcon.colcon_core.environment:checking '/home/vinicius/ros2_ws/install/robot_bringup' for CMake config files
[3.362s] Level 1:colcon.colcon_core.environment:checking '/home/vinicius/ros2_ws/install/robot_bringup/lib'
[3.363s] Level 1:colcon.colcon_core.environment:checking '/home/vinicius/ros2_ws/install/robot_bringup/bin'
[3.363s] Level 1:colcon.colcon_core.environment:checking '/home/vinicius/ros2_ws/install/robot_bringup/lib/pkgconfig/robot_bringup.pc'
[3.363s] Level 1:colcon.colcon_core.environment:checking '/home/vinicius/ros2_ws/install/robot_bringup/lib/python3.10/site-packages'
[3.363s] Level 1:colcon.colcon_core.shell:create_environment_hook('robot_bringup', 'pythonpath')
[3.364s] INFO:colcon.colcon_core.shell:Creating environment hook '/home/vinicius/ros2_ws/install/robot_bringup/share/robot_bringup/hook/pythonpath.ps1'
[3.366s] INFO:colcon.colcon_core.shell:Creating environment descriptor '/home/vinicius/ros2_ws/install/robot_bringup/share/robot_bringup/hook/pythonpath.dsv'
[3.367s] INFO:colcon.colcon_core.shell:Creating environment hook '/home/vinicius/ros2_ws/install/robot_bringup/share/robot_bringup/hook/pythonpath.sh'
[3.369s] Level 1:colcon.colcon_core.environment:checking '/home/vinicius/ros2_ws/install/robot_bringup/bin'
[3.369s] Level 1:colcon.colcon_core.environment:create_environment_scripts_only(robot_bringup)
[3.370s] INFO:colcon.colcon_core.shell:Creating package script '/home/vinicius/ros2_ws/install/robot_bringup/share/robot_bringup/package.ps1'
[3.372s] INFO:colcon.colcon_core.shell:Creating package descriptor '/home/vinicius/ros2_ws/install/robot_bringup/share/robot_bringup/package.dsv'
[3.374s] INFO:colcon.colcon_core.shell:Creating package script '/home/vinicius/ros2_ws/install/robot_bringup/share/robot_bringup/package.sh'
[3.376s] INFO:colcon.colcon_core.shell:Creating package script '/home/vinicius/ros2_ws/install/robot_bringup/share/robot_bringup/package.bash'
[3.377s] INFO:colcon.colcon_core.shell:Creating package script '/home/vinicius/ros2_ws/install/robot_bringup/share/robot_bringup/package.zsh'
[3.379s] Level 1:colcon.colcon_core.environment:create_file_with_runtime_dependencies(/home/vinicius/ros2_ws/install/robot_bringup/share/colcon-core/packages/robot_bringup)
[3.379s] DEBUG:colcon.colcon_parallel_executor.executor.parallel:closing loop
[3.380s] DEBUG:colcon.colcon_parallel_executor.executor.parallel:loop closed
[3.380s] DEBUG:colcon.colcon_parallel_executor.executor.parallel:run_until_complete finished with '0'
[3.381s] DEBUG:colcon.colcon_core.event_reactor:joining thread
[3.393s] INFO:colcon.colcon_core.plugin_system:Skipping extension 'colcon_notification.desktop_notification.terminal_notifier': Not used on non-Darwin systems
[3.394s] INFO:colcon.colcon_core.plugin_system:Skipping extension 'colcon_notification.desktop_notification.win32': Not used on non-Windows systems
[3.394s] INFO:colcon.colcon_notification.desktop_notification:Sending desktop notification using 'notify2'
[3.424s] DEBUG:colcon.colcon_core.event_reactor:joined thread
[3.424s] INFO:colcon.colcon_core.shell:Creating prefix script '/home/vinicius/ros2_ws/install/local_setup.ps1'
[3.427s] INFO:colcon.colcon_core.shell:Creating prefix util module '/home/vinicius/ros2_ws/install/_local_setup_util_ps1.py'
[3.430s] INFO:colcon.colcon_core.shell:Creating prefix chain script '/home/vinicius/ros2_ws/install/setup.ps1'
[3.433s] INFO:colcon.colcon_core.shell:Creating prefix script '/home/vinicius/ros2_ws/install/local_setup.sh'
[3.434s] INFO:colcon.colcon_core.shell:Creating prefix util module '/home/vinicius/ros2_ws/install/_local_setup_util_sh.py'
[3.436s] INFO:colcon.colcon_core.shell:Creating prefix chain script '/home/vinicius/ros2_ws/install/setup.sh'
[3.440s] INFO:colcon.colcon_core.shell:Creating prefix script '/home/vinicius/ros2_ws/install/local_setup.bash'
[3.442s] INFO:colcon.colcon_core.shell:Creating prefix chain script '/home/vinicius/ros2_ws/install/setup.bash'
[3.445s] INFO:colcon.colcon_core.shell:Creating prefix script '/home/vinicius/ros2_ws/install/local_setup.zsh'
[3.446s] INFO:colcon.colcon_core.shell:Creating prefix chain script '/home/vinicius/ros2_ws/install/setup.zsh'
