[0.580s] Invoking command in '/home/vinicius/ros2_ws/src/robot_bringup': PYTHONPATH=/home/vinicius/ros2_ws/build/robot_bringup/prefix_override:/usr/lib/python3/dist-packages/colcon_core/task/python/colcon_distutils_commands:/home/vinicius/ros2_ws/install/robot_bringup/lib/python3.10/site-packages:${PYTHONPATH} /usr/bin/python3 -W ignore:setup.py install is deprecated -W ignore:easy_install command is deprecated setup.py egg_info --egg-base ../../build/robot_bringup build --build-base /home/vinicius/ros2_ws/build/robot_bringup/build install --record /home/vinicius/ros2_ws/build/robot_bringup/install.log --single-version-externally-managed install_data
[0.734s] running egg_info
[0.735s] writing ../../build/robot_bringup/robot_bringup.egg-info/PKG-INFO
[0.735s] writing dependency_links to ../../build/robot_bringup/robot_bringup.egg-info/dependency_links.txt
[0.736s] writing entry points to ../../build/robot_bringup/robot_bringup.egg-info/entry_points.txt
[0.736s] writing requirements to ../../build/robot_bringup/robot_bringup.egg-info/requires.txt
[0.736s] writing top-level names to ../../build/robot_bringup/robot_bringup.egg-info/top_level.txt
[0.741s] reading manifest file '../../build/robot_bringup/robot_bringup.egg-info/SOURCES.txt'
[0.744s] writing manifest file '../../build/robot_bringup/robot_bringup.egg-info/SOURCES.txt'
[0.744s] running build
[0.744s] running build_py
[0.744s] running install
[0.744s] running install_lib
[0.744s] running install_data
[0.744s] running install_egg_info
[0.744s] removing '/home/vinicius/ros2_ws/install/robot_bringup/lib/python3.10/site-packages/robot_bringup-0.0.0-py3.10.egg-info' (and everything under it)
[0.745s] Copying ../../build/robot_bringup/robot_bringup.egg-info to /home/vinicius/ros2_ws/install/robot_bringup/lib/python3.10/site-packages/robot_bringup-0.0.0-py3.10.egg-info
[0.747s] running install_scripts
[0.760s] writing list of installed files to '/home/vinicius/ros2_ws/build/robot_bringup/install.log'
[0.782s] Invoked command in '/home/vinicius/ros2_ws/src/robot_bringup' returned '0': PYTHONPATH=/home/vinicius/ros2_ws/build/robot_bringup/prefix_override:/usr/lib/python3/dist-packages/colcon_core/task/python/colcon_distutils_commands:/home/vinicius/ros2_ws/install/robot_bringup/lib/python3.10/site-packages:${PYTHONPATH} /usr/bin/python3 -W ignore:setup.py install is deprecated -W ignore:easy_install command is deprecated setup.py egg_info --egg-base ../../build/robot_bringup build --build-base /home/vinicius/ros2_ws/build/robot_bringup/build install --record /home/vinicius/ros2_ws/build/robot_bringup/install.log --single-version-externally-managed install_data
