[1.574s] Invoking command in '/home/vinicius/ros2_ws/build/robot_bringup': PYTHONPATH=/home/vinicius/ros2_ws/build/robot_bringup/prefix_override:/usr/lib/python3/dist-packages/colcon_core/task/python/colcon_distutils_commands:/home/vinicius/ros2_ws/install/robot_bringup/lib/python3.10/site-packages:${PYTHONPATH} /usr/bin/python3 -W ignore:setup.py install is deprecated -W ignore:easy_install command is deprecated setup.py develop --uninstall --editable --build-directory /home/vinicius/ros2_ws/build/robot_bringup/build
[2.219s] running develop
[2.646s] Removing /home/vinicius/ros2_ws/install/robot_bringup/lib/python3.10/site-packages/robot-bringup.egg-link (link to .)
[2.713s] Invoked command in '/home/vinicius/ros2_ws/build/robot_bringup' returned '0': PYTHONPATH=/home/vinicius/ros2_ws/build/robot_bringup/prefix_override:/usr/lib/python3/dist-packages/colcon_core/task/python/colcon_distutils_commands:/home/vinicius/ros2_ws/install/robot_bringup/lib/python3.10/site-packages:${PYTHONPATH} /usr/bin/python3 -W ignore:setup.py install is deprecated -W ignore:easy_install command is deprecated setup.py develop --uninstall --editable --build-directory /home/vinicius/ros2_ws/build/robot_bringup/build
[2.717s] Invoking command in '/home/vinicius/ros2_ws/src/robot_bringup': PYTHONPATH=/home/vinicius/ros2_ws/build/robot_bringup/prefix_override:/usr/lib/python3/dist-packages/colcon_core/task/python/colcon_distutils_commands:/home/vinicius/ros2_ws/install/robot_bringup/lib/python3.10/site-packages:${PYTHONPATH} /usr/bin/python3 -W ignore:setup.py install is deprecated -W ignore:easy_install command is deprecated setup.py egg_info --egg-base ../../build/robot_bringup build --build-base /home/vinicius/ros2_ws/build/robot_bringup/build install --record /home/vinicius/ros2_ws/build/robot_bringup/install.log --single-version-externally-managed install_data --force
[3.347s] running egg_info
[3.348s] writing ../../build/robot_bringup/robot_bringup.egg-info/PKG-INFO
[3.349s] writing dependency_links to ../../build/robot_bringup/robot_bringup.egg-info/dependency_links.txt
[3.349s] writing entry points to ../../build/robot_bringup/robot_bringup.egg-info/entry_points.txt
[3.350s] writing requirements to ../../build/robot_bringup/robot_bringup.egg-info/requires.txt
[3.350s] writing top-level names to ../../build/robot_bringup/robot_bringup.egg-info/top_level.txt
[3.355s] reading manifest file '../../build/robot_bringup/robot_bringup.egg-info/SOURCES.txt'
[3.358s] writing manifest file '../../build/robot_bringup/robot_bringup.egg-info/SOURCES.txt'
[3.359s] running build
[3.359s] running build_py
[3.359s] running install
[3.360s] running install_lib
[3.361s] copying /home/vinicius/ros2_ws/build/robot_bringup/build/lib/robot_bringup/__init__.py -> /home/vinicius/ros2_ws/install/robot_bringup/lib/python3.10/site-packages/robot_bringup
[3.362s] byte-compiling /home/vinicius/ros2_ws/install/robot_bringup/lib/python3.10/site-packages/robot_bringup/__init__.py to __init__.cpython-310.pyc
[3.363s] running install_data
[3.363s] copying resource/robot_bringup -> /home/vinicius/ros2_ws/install/robot_bringup/share/ament_index/resource_index/packages
[3.364s] copying package.xml -> /home/vinicius/ros2_ws/install/robot_bringup/share/robot_bringup
[3.364s] copying launch/teleop_keyboard.launch.py -> /home/vinicius/ros2_ws/install/robot_bringup/share/robot_bringup/launch
[3.364s] copying launch/view_map.launch.py -> /home/vinicius/ros2_ws/install/robot_bringup/share/robot_bringup/launch
[3.365s] copying launch/robot_state.launch.py -> /home/vinicius/ros2_ws/install/robot_bringup/share/robot_bringup/launch
[3.365s] copying launch/cmd_vel.launch.py -> /home/vinicius/ros2_ws/install/robot_bringup/share/robot_bringup/launch
[3.365s] copying launch/gazebo.launch.py -> /home/vinicius/ros2_ws/install/robot_bringup/share/robot_bringup/launch
[3.366s] copying launch/navigation.launch.py -> /home/vinicius/ros2_ws/install/robot_bringup/share/robot_bringup/launch
[3.366s] copying launch/full_system.launch.py -> /home/vinicius/ros2_ws/install/robot_bringup/share/robot_bringup/launch
[3.366s] copying launch/mapping.launch.py -> /home/vinicius/ros2_ws/install/robot_bringup/share/robot_bringup/launch
[3.367s] copying launch/gazebo_world.launch.py -> /home/vinicius/ros2_ws/install/robot_bringup/share/robot_bringup/launch
[3.367s] copying launch/slam.launch.py -> /home/vinicius/ros2_ws/install/robot_bringup/share/robot_bringup/launch
[3.368s] copying config/slam_view.rviz -> /home/vinicius/ros2_ws/install/robot_bringup/share/robot_bringup/config
[3.368s] copying config/view_map.rviz -> /home/vinicius/ros2_ws/install/robot_bringup/share/robot_bringup/config
[3.368s] copying config/mapper_params_online_async.yaml -> /home/vinicius/ros2_ws/install/robot_bringup/share/robot_bringup/config
[3.368s] copying config/mapping_config.rviz -> /home/vinicius/ros2_ws/install/robot_bringup/share/robot_bringup/config
[3.369s] copying worlds/robot.urdf -> /home/vinicius/ros2_ws/install/robot_bringup/share/robot_bringup/worlds
[3.369s] copying worlds/main.sdf -> /home/vinicius/ros2_ws/install/robot_bringup/share/robot_bringup/worlds
[3.369s] copying worlds/wall.model.sdf -> /home/vinicius/ros2_ws/install/robot_bringup/share/robot_bringup/worlds
[3.370s] copying worlds/robot.model.sdf -> /home/vinicius/ros2_ws/install/robot_bringup/share/robot_bringup/worlds
[3.370s] copying scripts/clean_system.sh -> /home/vinicius/ros2_ws/install/robot_bringup/share/robot_bringup/scripts
[3.370s] copying scripts/save_map.py -> /home/vinicius/ros2_ws/install/robot_bringup/share/robot_bringup/scripts
[3.371s] copying scripts/test_lidar.sh -> /home/vinicius/ros2_ws/install/robot_bringup/share/robot_bringup/scripts
[3.371s] copying scripts/launch_gazebo.sh -> /home/vinicius/ros2_ws/install/robot_bringup/share/robot_bringup/scripts
[3.371s] copying scripts/odom_monitor.py -> /home/vinicius/ros2_ws/install/robot_bringup/share/robot_bringup/scripts
[3.372s] copying scripts/diagnose_slam.sh -> /home/vinicius/ros2_ws/install/robot_bringup/share/robot_bringup/scripts
[3.372s] copying scripts/odom_tf_publisher.py -> /home/vinicius/ros2_ws/install/robot_bringup/share/robot_bringup/scripts
[3.373s] copying models/wall/model.sdf -> /home/vinicius/ros2_ws/install/robot_bringup/share/robot_bringup/models/wall
[3.373s] copying models/Robot/model.sdf -> /home/vinicius/ros2_ws/install/robot_bringup/share/robot_bringup/models/Robot
[3.373s] running install_egg_info
[3.378s] Copying ../../build/robot_bringup/robot_bringup.egg-info to /home/vinicius/ros2_ws/install/robot_bringup/lib/python3.10/site-packages/robot_bringup-0.0.0-py3.10.egg-info
[3.380s] running install_scripts
[3.431s] Installing odom_monitor.py script to /home/vinicius/ros2_ws/install/robot_bringup/lib/robot_bringup
[3.431s] Installing odom_tf_publisher script to /home/vinicius/ros2_ws/install/robot_bringup/lib/robot_bringup
[3.431s] Installing save_map.py script to /home/vinicius/ros2_ws/install/robot_bringup/lib/robot_bringup
[3.432s] writing list of installed files to '/home/vinicius/ros2_ws/build/robot_bringup/install.log'
[3.506s] Invoked command in '/home/vinicius/ros2_ws/src/robot_bringup' returned '0': PYTHONPATH=/home/vinicius/ros2_ws/build/robot_bringup/prefix_override:/usr/lib/python3/dist-packages/colcon_core/task/python/colcon_distutils_commands:/home/vinicius/ros2_ws/install/robot_bringup/lib/python3.10/site-packages:${PYTHONPATH} /usr/bin/python3 -W ignore:setup.py install is deprecated -W ignore:easy_install command is deprecated setup.py egg_info --egg-base ../../build/robot_bringup build --build-base /home/vinicius/ros2_ws/build/robot_bringup/build install --record /home/vinicius/ros2_ws/build/robot_bringup/install.log --single-version-externally-managed install_data --force
