[1.430s] Invoking command in '/home/vinicius/ros2_ws/build/robot_bringup': PYTHONPATH=/home/vinicius/ros2_ws/build/robot_bringup/prefix_override:/usr/lib/python3/dist-packages/colcon_core/task/python/colcon_distutils_commands:/home/vinicius/ros2_ws/install/robot_bringup/lib/python3.10/site-packages:${PYTHONPATH} /usr/bin/python3 -W ignore:setup.py install is deprecated -W ignore:easy_install command is deprecated setup.py develop --editable --build-directory /home/vinicius/ros2_ws/build/robot_bringup/build --no-deps symlink_data
[2.047s] running develop
[2.463s] running egg_info
[2.464s] writing robot_bringup.egg-info/PKG-INFO
[2.464s] writing dependency_links to robot_bringup.egg-info/dependency_links.txt
[2.464s] writing entry points to robot_bringup.egg-info/entry_points.txt
[2.465s] writing requirements to robot_bringup.egg-info/requires.txt
[2.465s] writing top-level names to robot_bringup.egg-info/top_level.txt
[2.469s] reading manifest file 'robot_bringup.egg-info/SOURCES.txt'
[2.472s] writing manifest file 'robot_bringup.egg-info/SOURCES.txt'
[2.474s] running build_ext
[2.475s] Creating /home/vinicius/ros2_ws/install/robot_bringup/lib/python3.10/site-packages/robot-bringup.egg-link (link to .)
[2.477s] Installing odom_monitor.py script to /home/vinicius/ros2_ws/install/robot_bringup/lib/robot_bringup
[2.477s] Installing odom_tf_publisher script to /home/vinicius/ros2_ws/install/robot_bringup/lib/robot_bringup
[2.477s] Installing save_map.py script to /home/vinicius/ros2_ws/install/robot_bringup/lib/robot_bringup
[2.478s] 
[2.478s] Installed /home/vinicius/ros2_ws/build/robot_bringup
[2.478s] running symlink_data
[2.479s] error: can't copy '/home/vinicius/ros2_ws/build/robot_bringup/launch/navigation.launch.py': doesn't exist or not a regular file
[2.539s] Invoked command in '/home/vinicius/ros2_ws/build/robot_bringup' returned '1': PYTHONPATH=/home/vinicius/ros2_ws/build/robot_bringup/prefix_override:/usr/lib/python3/dist-packages/colcon_core/task/python/colcon_distutils_commands:/home/vinicius/ros2_ws/install/robot_bringup/lib/python3.10/site-packages:${PYTHONPATH} /usr/bin/python3 -W ignore:setup.py install is deprecated -W ignore:easy_install command is deprecated setup.py develop --editable --build-directory /home/vinicius/ros2_ws/build/robot_bringup/build --no-deps symlink_data
