[0.806s] Invoking command in '/home/vinicius/ros2_ws/build/robot_bringup': PYTHONPATH=/home/vinicius/ros2_ws/build/robot_bringup/prefix_override:/usr/lib/python3/dist-packages/colcon_core/task/python/colcon_distutils_commands:/home/vinicius/ros2_ws/install/robot_bringup/lib/python3.10/site-packages:${PYTHONPATH} /usr/bin/python3 -W ignore:setup.py install is deprecated -W ignore:easy_install command is deprecated setup.py develop --editable --build-directory /home/vinicius/ros2_ws/build/robot_bringup/build --no-deps symlink_data
[1.140s] running develop
[1.362s] running egg_info
[1.362s] writing robot_bringup.egg-info/PKG-INFO
[1.362s] writing dependency_links to robot_bringup.egg-info/dependency_links.txt
[1.363s] writing entry points to robot_bringup.egg-info/entry_points.txt
[1.363s] writing requirements to robot_bringup.egg-info/requires.txt
[1.363s] writing top-level names to robot_bringup.egg-info/top_level.txt
[1.365s] reading manifest file 'robot_bringup.egg-info/SOURCES.txt'
[1.366s] writing manifest file 'robot_bringup.egg-info/SOURCES.txt'
[1.368s] running build_ext
[1.368s] Creating /home/vinicius/ros2_ws/install/robot_bringup/lib/python3.10/site-packages/robot-bringup.egg-link (link to .)
[1.369s] Installing odom_monitor.py script to /home/vinicius/ros2_ws/install/robot_bringup/lib/robot_bringup
[1.369s] Installing odom_tf_publisher script to /home/vinicius/ros2_ws/install/robot_bringup/lib/robot_bringup
[1.370s] Installing save_map.py script to /home/vinicius/ros2_ws/install/robot_bringup/lib/robot_bringup
[1.370s] 
[1.370s] Installed /home/vinicius/ros2_ws/build/robot_bringup
[1.370s] running symlink_data
[1.370s] error: can't copy '/home/vinicius/ros2_ws/build/robot_bringup/launch/mapping_slam.launch.py': doesn't exist or not a regular file
[1.413s] Invoked command in '/home/vinicius/ros2_ws/build/robot_bringup' returned '1': PYTHONPATH=/home/vinicius/ros2_ws/build/robot_bringup/prefix_override:/usr/lib/python3/dist-packages/colcon_core/task/python/colcon_distutils_commands:/home/vinicius/ros2_ws/install/robot_bringup/lib/python3.10/site-packages:${PYTHONPATH} /usr/bin/python3 -W ignore:setup.py install is deprecated -W ignore:easy_install command is deprecated setup.py develop --editable --build-directory /home/vinicius/ros2_ws/build/robot_bringup/build --no-deps symlink_data
