[0.882s] Invoking command in '/home/vinicius/ros2_ws/build/robot_bringup': PYTHONPATH=/home/vinicius/ros2_ws/build/robot_bringup/prefix_override:/usr/lib/python3/dist-packages/colcon_core/task/python/colcon_distutils_commands:/home/vinicius/ros2_ws/install/robot_bringup/lib/python3.10/site-packages:${PYTHONPATH} /usr/bin/python3 -W ignore:setup.py install is deprecated -W ignore:easy_install command is deprecated setup.py develop --editable --build-directory /home/vinicius/ros2_ws/build/robot_bringup/build --no-deps symlink_data
[1.213s] running develop
[1.431s] running egg_info
[1.431s] writing robot_bringup.egg-info/PKG-INFO
[1.431s] writing dependency_links to robot_bringup.egg-info/dependency_links.txt
[1.431s] writing entry points to robot_bringup.egg-info/entry_points.txt
[1.432s] writing requirements to robot_bringup.egg-info/requires.txt
[1.432s] writing top-level names to robot_bringup.egg-info/top_level.txt
[1.434s] reading manifest file 'robot_bringup.egg-info/SOURCES.txt'
[1.436s] writing manifest file 'robot_bringup.egg-info/SOURCES.txt'
[1.437s] running build_ext
[1.438s] Creating /home/vinicius/ros2_ws/install/robot_bringup/lib/python3.10/site-packages/robot-bringup.egg-link (link to .)
[1.439s] Installing odom_monitor.py script to /home/vinicius/ros2_ws/install/robot_bringup/lib/robot_bringup
[1.439s] Installing odom_tf_publisher script to /home/vinicius/ros2_ws/install/robot_bringup/lib/robot_bringup
[1.439s] Installing save_map.py script to /home/vinicius/ros2_ws/install/robot_bringup/lib/robot_bringup
[1.440s] 
[1.440s] Installed /home/vinicius/ros2_ws/build/robot_bringup
[1.440s] running symlink_data
[1.440s] symbolically linking /home/vinicius/ros2_ws/build/robot_bringup/launch/mapping_slam.launch.py -> /home/vinicius/ros2_ws/install/robot_bringup/share/robot_bringup/launch
[1.441s] symbolically linking /home/vinicius/ros2_ws/build/robot_bringup/launch/robot.launch.py -> /home/vinicius/ros2_ws/install/robot_bringup/share/robot_bringup/launch
[1.488s] Invoked command in '/home/vinicius/ros2_ws/build/robot_bringup' returned '0': PYTHONPATH=/home/vinicius/ros2_ws/build/robot_bringup/prefix_override:/usr/lib/python3/dist-packages/colcon_core/task/python/colcon_distutils_commands:/home/vinicius/ros2_ws/install/robot_bringup/lib/python3.10/site-packages:${PYTHONPATH} /usr/bin/python3 -W ignore:setup.py install is deprecated -W ignore:easy_install command is deprecated setup.py develop --editable --build-directory /home/vinicius/ros2_ws/build/robot_bringup/build --no-deps symlink_data
