running develop
running egg_info
creating robot_bringup.egg-info
writing robot_bringup.egg-info/PKG-INFO
writing dependency_links to robot_bringup.egg-info/dependency_links.txt
writing entry points to robot_bringup.egg-info/entry_points.txt
writing requirements to robot_bringup.egg-info/requires.txt
writing top-level names to robot_bringup.egg-info/top_level.txt
writing manifest file 'robot_bringup.egg-info/SOURCES.txt'
reading manifest file 'robot_bringup.egg-info/SOURCES.txt'
writing manifest file 'robot_bringup.egg-info/SOURCES.txt'
running build_ext
Creating /home/vinicius/ros2_ws/install/robot_bringup/lib/python3.10/site-packages/robot-bringup.egg-link (link to .)
Installing odom_monitor.py script to /home/vinicius/ros2_ws/install/robot_bringup/lib/robot_bringup
Installing odom_tf_publisher script to /home/vinicius/ros2_ws/install/robot_bringup/lib/robot_bringup
Installing save_map.py script to /home/vinicius/ros2_ws/install/robot_bringup/lib/robot_bringup

Installed /home/vinicius/ros2_ws/build/robot_bringup
running symlink_data
creating /home/vinicius/ros2_ws/install/robot_bringup/share/ament_index
creating /home/vinicius/ros2_ws/install/robot_bringup/share/ament_index/resource_index
creating /home/vinicius/ros2_ws/install/robot_bringup/share/ament_index/resource_index/packages
symbolically linking /home/vinicius/ros2_ws/build/robot_bringup/resource/robot_bringup -> /home/vinicius/ros2_ws/install/robot_bringup/share/ament_index/resource_index/packages
symbolically linking /home/vinicius/ros2_ws/build/robot_bringup/package.xml -> /home/vinicius/ros2_ws/install/robot_bringup/share/robot_bringup
creating /home/vinicius/ros2_ws/install/robot_bringup/share/robot_bringup/launch
symbolically linking /home/vinicius/ros2_ws/build/robot_bringup/launch/teleop_keyboard.launch.py -> /home/vinicius/ros2_ws/install/robot_bringup/share/robot_bringup/launch
symbolically linking /home/vinicius/ros2_ws/build/robot_bringup/launch/view_map.launch.py -> /home/vinicius/ros2_ws/install/robot_bringup/share/robot_bringup/launch
symbolically linking /home/vinicius/ros2_ws/build/robot_bringup/launch/robot_state.launch.py -> /home/vinicius/ros2_ws/install/robot_bringup/share/robot_bringup/launch
symbolically linking /home/vinicius/ros2_ws/build/robot_bringup/launch/cmd_vel.launch.py -> /home/vinicius/ros2_ws/install/robot_bringup/share/robot_bringup/launch
symbolically linking /home/vinicius/ros2_ws/build/robot_bringup/launch/gazebo.launch.py -> /home/vinicius/ros2_ws/install/robot_bringup/share/robot_bringup/launch
symbolically linking /home/vinicius/ros2_ws/build/robot_bringup/launch/navigation.launch.py -> /home/vinicius/ros2_ws/install/robot_bringup/share/robot_bringup/launch
symbolically linking /home/vinicius/ros2_ws/build/robot_bringup/launch/full_system.launch.py -> /home/vinicius/ros2_ws/install/robot_bringup/share/robot_bringup/launch
symbolically linking /home/vinicius/ros2_ws/build/robot_bringup/launch/mapping.launch.py -> /home/vinicius/ros2_ws/install/robot_bringup/share/robot_bringup/launch
symbolically linking /home/vinicius/ros2_ws/build/robot_bringup/launch/gazebo_world.launch.py -> /home/vinicius/ros2_ws/install/robot_bringup/share/robot_bringup/launch
symbolically linking /home/vinicius/ros2_ws/build/robot_bringup/launch/slam.launch.py -> /home/vinicius/ros2_ws/install/robot_bringup/share/robot_bringup/launch
creating /home/vinicius/ros2_ws/install/robot_bringup/share/robot_bringup/config
symbolically linking /home/vinicius/ros2_ws/build/robot_bringup/config/slam_view.rviz -> /home/vinicius/ros2_ws/install/robot_bringup/share/robot_bringup/config
symbolically linking /home/vinicius/ros2_ws/build/robot_bringup/config/view_map.rviz -> /home/vinicius/ros2_ws/install/robot_bringup/share/robot_bringup/config
symbolically linking /home/vinicius/ros2_ws/build/robot_bringup/config/mapper_params_online_async.yaml -> /home/vinicius/ros2_ws/install/robot_bringup/share/robot_bringup/config
symbolically linking /home/vinicius/ros2_ws/build/robot_bringup/config/mapping_config.rviz -> /home/vinicius/ros2_ws/install/robot_bringup/share/robot_bringup/config
symbolically linking /home/vinicius/ros2_ws/build/robot_bringup/config/costmap_params.yaml -> /home/vinicius/ros2_ws/install/robot_bringup/share/robot_bringup/config
creating /home/vinicius/ros2_ws/install/robot_bringup/share/robot_bringup/worlds
symbolically linking /home/vinicius/ros2_ws/build/robot_bringup/worlds/robot.urdf -> /home/vinicius/ros2_ws/install/robot_bringup/share/robot_bringup/worlds
symbolically linking /home/vinicius/ros2_ws/build/robot_bringup/worlds/main.sdf -> /home/vinicius/ros2_ws/install/robot_bringup/share/robot_bringup/worlds
symbolically linking /home/vinicius/ros2_ws/build/robot_bringup/worlds/robot.model.sdf -> /home/vinicius/ros2_ws/install/robot_bringup/share/robot_bringup/worlds
creating /home/vinicius/ros2_ws/install/robot_bringup/share/robot_bringup/scripts
symbolically linking /home/vinicius/ros2_ws/build/robot_bringup/scripts/clean_system.sh -> /home/vinicius/ros2_ws/install/robot_bringup/share/robot_bringup/scripts
symbolically linking /home/vinicius/ros2_ws/build/robot_bringup/scripts/save_map.py -> /home/vinicius/ros2_ws/install/robot_bringup/share/robot_bringup/scripts
symbolically linking /home/vinicius/ros2_ws/build/robot_bringup/scripts/test_lidar.sh -> /home/vinicius/ros2_ws/install/robot_bringup/share/robot_bringup/scripts
symbolically linking /home/vinicius/ros2_ws/build/robot_bringup/scripts/launch_gazebo.sh -> /home/vinicius/ros2_ws/install/robot_bringup/share/robot_bringup/scripts
symbolically linking /home/vinicius/ros2_ws/build/robot_bringup/scripts/odom_monitor.py -> /home/vinicius/ros2_ws/install/robot_bringup/share/robot_bringup/scripts
symbolically linking /home/vinicius/ros2_ws/build/robot_bringup/scripts/diagnose_slam.sh -> /home/vinicius/ros2_ws/install/robot_bringup/share/robot_bringup/scripts
symbolically linking /home/vinicius/ros2_ws/build/robot_bringup/scripts/odom_tf_publisher.py -> /home/vinicius/ros2_ws/install/robot_bringup/share/robot_bringup/scripts
creating /home/vinicius/ros2_ws/install/robot_bringup/share/robot_bringup/models
creating /home/vinicius/ros2_ws/install/robot_bringup/share/robot_bringup/models/wall
symbolically linking /home/vinicius/ros2_ws/build/robot_bringup/models/wall/model.sdf -> /home/vinicius/ros2_ws/install/robot_bringup/share/robot_bringup/models/wall
creating /home/vinicius/ros2_ws/install/robot_bringup/share/robot_bringup/models/Robot
symbolically linking /home/vinicius/ros2_ws/build/robot_bringup/models/Robot/model.sdf -> /home/vinicius/ros2_ws/install/robot_bringup/share/robot_bringup/models/Robot
