[0.444s] Invoking command in '/home/vinicius/ros2_ws/src/robot_bringup': PYTHONPATH=/home/vinicius/ros2_ws/build/robot_bringup/prefix_override:/usr/lib/python3/dist-packages/colcon_core/task/python/colcon_distutils_commands:/home/vinicius/ros2_ws/install/robot_bringup/lib/python3.10/site-packages:${PYTHONPATH} /usr/bin/python3 -W ignore:setup.py install is deprecated -W ignore:easy_install command is deprecated setup.py egg_info --egg-base ../../build/robot_bringup build --build-base /home/vinicius/ros2_ws/build/robot_bringup/build install --record /home/vinicius/ros2_ws/build/robot_bringup/install.log --single-version-externally-managed install_data
[0.597s] running egg_info
[0.597s] creating ../../build/robot_bringup/robot_bringup.egg-info
[0.597s] writing ../../build/robot_bringup/robot_bringup.egg-info/PKG-INFO
[0.597s] writing dependency_links to ../../build/robot_bringup/robot_bringup.egg-info/dependency_links.txt
[0.598s] writing entry points to ../../build/robot_bringup/robot_bringup.egg-info/entry_points.txt
[0.598s] writing requirements to ../../build/robot_bringup/robot_bringup.egg-info/requires.txt
[0.598s] writing top-level names to ../../build/robot_bringup/robot_bringup.egg-info/top_level.txt
[0.598s] writing manifest file '../../build/robot_bringup/robot_bringup.egg-info/SOURCES.txt'
[0.598s] reading manifest file '../../build/robot_bringup/robot_bringup.egg-info/SOURCES.txt'
[0.599s] writing manifest file '../../build/robot_bringup/robot_bringup.egg-info/SOURCES.txt'
[0.600s] running build
[0.600s] running build_py
[0.600s] creating /home/vinicius/ros2_ws/build/robot_bringup/build
[0.600s] creating /home/vinicius/ros2_ws/build/robot_bringup/build/lib
[0.600s] creating /home/vinicius/ros2_ws/build/robot_bringup/build/lib/robot_bringup
[0.600s] copying robot_bringup/__init__.py -> /home/vinicius/ros2_ws/build/robot_bringup/build/lib/robot_bringup
[0.600s] running install
[0.600s] running install_lib
[0.604s] creating /home/vinicius/ros2_ws/install/robot_bringup/lib/python3.10/site-packages/robot_bringup
[0.604s] copying /home/vinicius/ros2_ws/build/robot_bringup/build/lib/robot_bringup/__init__.py -> /home/vinicius/ros2_ws/install/robot_bringup/lib/python3.10/site-packages/robot_bringup
[0.604s] byte-compiling /home/vinicius/ros2_ws/install/robot_bringup/lib/python3.10/site-packages/robot_bringup/__init__.py to __init__.cpython-310.pyc
[0.605s] running install_data
[0.605s] creating /home/vinicius/ros2_ws/install/robot_bringup/share/ament_index
[0.605s] creating /home/vinicius/ros2_ws/install/robot_bringup/share/ament_index/resource_index
[0.605s] creating /home/vinicius/ros2_ws/install/robot_bringup/share/ament_index/resource_index/packages
[0.605s] copying resource/robot_bringup -> /home/vinicius/ros2_ws/install/robot_bringup/share/ament_index/resource_index/packages
[0.605s] copying package.xml -> /home/vinicius/ros2_ws/install/robot_bringup/share/robot_bringup
[0.605s] creating /home/vinicius/ros2_ws/install/robot_bringup/share/robot_bringup/launch
[0.605s] copying launch/cmd_vel.launch.py -> /home/vinicius/ros2_ws/install/robot_bringup/share/robot_bringup/launch
[0.605s] copying launch/slam.launch.py -> /home/vinicius/ros2_ws/install/robot_bringup/share/robot_bringup/launch
[0.605s] copying launch/gazebo.launch.py -> /home/vinicius/ros2_ws/install/robot_bringup/share/robot_bringup/launch
[0.605s] copying launch/full_system.launch.py -> /home/vinicius/ros2_ws/install/robot_bringup/share/robot_bringup/launch
[0.605s] creating /home/vinicius/ros2_ws/install/robot_bringup/share/robot_bringup/config
[0.605s] copying config/mapper_params_online_async.yaml -> /home/vinicius/ros2_ws/install/robot_bringup/share/robot_bringup/config
[0.605s] creating /home/vinicius/ros2_ws/install/robot_bringup/share/robot_bringup/worlds
[0.605s] copying worlds/main.sdf -> /home/vinicius/ros2_ws/install/robot_bringup/share/robot_bringup/worlds
[0.605s] running install_egg_info
[0.605s] Copying ../../build/robot_bringup/robot_bringup.egg-info to /home/vinicius/ros2_ws/install/robot_bringup/lib/python3.10/site-packages/robot_bringup-0.0.0-py3.10.egg-info
[0.606s] running install_scripts
[0.619s] writing list of installed files to '/home/vinicius/ros2_ws/build/robot_bringup/install.log'
[0.639s] Invoked command in '/home/vinicius/ros2_ws/src/robot_bringup' returned '0': PYTHONPATH=/home/vinicius/ros2_ws/build/robot_bringup/prefix_override:/usr/lib/python3/dist-packages/colcon_core/task/python/colcon_distutils_commands:/home/vinicius/ros2_ws/install/robot_bringup/lib/python3.10/site-packages:${PYTHONPATH} /usr/bin/python3 -W ignore:setup.py install is deprecated -W ignore:easy_install command is deprecated setup.py egg_info --egg-base ../../build/robot_bringup build --build-base /home/vinicius/ros2_ws/build/robot_bringup/build install --record /home/vinicius/ros2_ws/build/robot_bringup/install.log --single-version-externally-managed install_data
