[1.448s] Invoking command in '/home/vinicius/ros2_ws/build/robot_bringup': PYTHONPATH=/home/vinicius/ros2_ws/build/robot_bringup/prefix_override:/usr/lib/python3/dist-packages/colcon_core/task/python/colcon_distutils_commands:/home/vinicius/ros2_ws/install/robot_bringup/lib/python3.10/site-packages:${PYTHONPATH} /usr/bin/python3 -W ignore:setup.py install is deprecated -W ignore:easy_install command is deprecated setup.py develop --editable --build-directory /home/vinicius/ros2_ws/build/robot_bringup/build --no-deps symlink_data
[2.067s] running develop
[2.496s] running egg_info
[2.496s] writing robot_bringup.egg-info/PKG-INFO
[2.496s] writing dependency_links to robot_bringup.egg-info/dependency_links.txt
[2.497s] writing entry points to robot_bringup.egg-info/entry_points.txt
[2.497s] writing requirements to robot_bringup.egg-info/requires.txt
[2.498s] writing top-level names to robot_bringup.egg-info/top_level.txt
[2.501s] reading manifest file 'robot_bringup.egg-info/SOURCES.txt'
[2.504s] writing manifest file 'robot_bringup.egg-info/SOURCES.txt'
[2.507s] running build_ext
[2.507s] Creating /home/vinicius/ros2_ws/install/robot_bringup/lib/python3.10/site-packages/robot-bringup.egg-link (link to .)
[2.509s] Installing navigate_to_goal script to /home/vinicius/ros2_ws/install/robot_bringup/lib/robot_bringup
[2.510s] Installing odom_monitor.py script to /home/vinicius/ros2_ws/install/robot_bringup/lib/robot_bringup
[2.510s] Installing odom_tf_publisher script to /home/vinicius/ros2_ws/install/robot_bringup/lib/robot_bringup
[2.510s] Installing save_map.py script to /home/vinicius/ros2_ws/install/robot_bringup/lib/robot_bringup
[2.511s] 
[2.511s] Installed /home/vinicius/ros2_ws/build/robot_bringup
[2.511s] running symlink_data
[2.579s] Invoked command in '/home/vinicius/ros2_ws/build/robot_bringup' returned '0': PYTHONPATH=/home/vinicius/ros2_ws/build/robot_bringup/prefix_override:/usr/lib/python3/dist-packages/colcon_core/task/python/colcon_distutils_commands:/home/vinicius/ros2_ws/install/robot_bringup/lib/python3.10/site-packages:${PYTHONPATH} /usr/bin/python3 -W ignore:setup.py install is deprecated -W ignore:easy_install command is deprecated setup.py develop --editable --build-directory /home/vinicius/ros2_ws/build/robot_bringup/build --no-deps symlink_data
