[0.589s] Invoking command in '/home/vinicius/ros2_ws/build/robot_bringup': PYTHONPATH=/home/vinicius/ros2_ws/build/robot_bringup/prefix_override:/usr/lib/python3/dist-packages/colcon_core/task/python/colcon_distutils_commands:/home/vinicius/ros2_ws/install/robot_bringup/lib/python3.10/site-packages:${PYTHONPATH} /usr/bin/python3 -W ignore:setup.py install is deprecated -W ignore:easy_install command is deprecated setup.py develop --editable --build-directory /home/vinicius/ros2_ws/build/robot_bringup/build --no-deps symlink_data
[0.836s] running develop
[1.002s] running egg_info
[1.003s] writing robot_bringup.egg-info/PKG-INFO
[1.003s] writing dependency_links to robot_bringup.egg-info/dependency_links.txt
[1.003s] writing entry points to robot_bringup.egg-info/entry_points.txt
[1.003s] writing requirements to robot_bringup.egg-info/requires.txt
[1.003s] writing top-level names to robot_bringup.egg-info/top_level.txt
[1.005s] reading manifest file 'robot_bringup.egg-info/SOURCES.txt'
[1.006s] writing manifest file 'robot_bringup.egg-info/SOURCES.txt'
[1.008s] running build_ext
[1.008s] Creating /home/vinicius/ros2_ws/install/robot_bringup/lib/python3.10/site-packages/robot-bringup.egg-link (link to .)
[1.009s] Installing navigate_to_goal script to /home/vinicius/ros2_ws/install/robot_bringup/lib/robot_bringup
[1.009s] Installing odom_monitor.py script to /home/vinicius/ros2_ws/install/robot_bringup/lib/robot_bringup
[1.009s] Installing odom_tf_publisher script to /home/vinicius/ros2_ws/install/robot_bringup/lib/robot_bringup
[1.009s] Installing save_map.py script to /home/vinicius/ros2_ws/install/robot_bringup/lib/robot_bringup
[1.010s] 
[1.010s] Installed /home/vinicius/ros2_ws/build/robot_bringup
[1.010s] running symlink_data
[1.053s] Invoked command in '/home/vinicius/ros2_ws/build/robot_bringup' returned '0': PYTHONPATH=/home/vinicius/ros2_ws/build/robot_bringup/prefix_override:/usr/lib/python3/dist-packages/colcon_core/task/python/colcon_distutils_commands:/home/vinicius/ros2_ws/install/robot_bringup/lib/python3.10/site-packages:${PYTHONPATH} /usr/bin/python3 -W ignore:setup.py install is deprecated -W ignore:easy_install command is deprecated setup.py develop --editable --build-directory /home/vinicius/ros2_ws/build/robot_bringup/build --no-deps symlink_data
