[0.547s] Invoking command in '/home/vinicius/ros2_ws/build/robot_bringup': PYTHONPATH=/home/vinicius/ros2_ws/build/robot_bringup/prefix_override:/usr/lib/python3/dist-packages/colcon_core/task/python/colcon_distutils_commands:/home/vinicius/ros2_ws/install/robot_bringup/lib/python3.10/site-packages:${PYTHONPATH} /usr/bin/python3 -W ignore:setup.py install is deprecated -W ignore:easy_install command is deprecated setup.py develop --editable --build-directory /home/vinicius/ros2_ws/build/robot_bringup/build --no-deps symlink_data
[0.772s] running develop
[0.918s] running egg_info
[0.919s] writing robot_bringup.egg-info/PKG-INFO
[0.919s] writing dependency_links to robot_bringup.egg-info/dependency_links.txt
[0.919s] writing entry points to robot_bringup.egg-info/entry_points.txt
[0.919s] writing requirements to robot_bringup.egg-info/requires.txt
[0.919s] writing top-level names to robot_bringup.egg-info/top_level.txt
[0.921s] reading manifest file 'robot_bringup.egg-info/SOURCES.txt'
[0.922s] writing manifest file 'robot_bringup.egg-info/SOURCES.txt'
[0.923s] running build_ext
[0.923s] Creating /home/vinicius/ros2_ws/install/robot_bringup/lib/python3.10/site-packages/robot-bringup.egg-link (link to .)
[0.924s] Installing odom_monitor.py script to /home/vinicius/ros2_ws/install/robot_bringup/lib/robot_bringup
[0.924s] Installing odom_tf_publisher script to /home/vinicius/ros2_ws/install/robot_bringup/lib/robot_bringup
[0.924s] Installing save_map.py script to /home/vinicius/ros2_ws/install/robot_bringup/lib/robot_bringup
[0.925s] 
[0.925s] Installed /home/vinicius/ros2_ws/build/robot_bringup
[0.925s] running symlink_data
[0.925s] error: can't copy '/home/vinicius/ros2_ws/build/robot_bringup/launch/navigation.launch.py': doesn't exist or not a regular file
[0.961s] Invoked command in '/home/vinicius/ros2_ws/build/robot_bringup' returned '1': PYTHONPATH=/home/vinicius/ros2_ws/build/robot_bringup/prefix_override:/usr/lib/python3/dist-packages/colcon_core/task/python/colcon_distutils_commands:/home/vinicius/ros2_ws/install/robot_bringup/lib/python3.10/site-packages:${PYTHONPATH} /usr/bin/python3 -W ignore:setup.py install is deprecated -W ignore:easy_install command is deprecated setup.py develop --editable --build-directory /home/vinicius/ros2_ws/build/robot_bringup/build --no-deps symlink_data
