[0.797s] Invoking command in '/home/vinicius/ros2_ws/build/robot_bringup': PYTHONPATH=/home/vinicius/ros2_ws/build/robot_bringup/prefix_override:/usr/lib/python3/dist-packages/colcon_core/task/python/colcon_distutils_commands:/home/vinicius/ros2_ws/install/robot_bringup/lib/python3.10/site-packages:${PYTHONPATH} /usr/bin/python3 -W ignore:setup.py install is deprecated -W ignore:easy_install command is deprecated setup.py develop --editable --build-directory /home/vinicius/ros2_ws/build/robot_bringup/build --no-deps symlink_data
[1.135s] running develop
[1.355s] running egg_info
[1.355s] creating robot_bringup.egg-info
[1.355s] writing robot_bringup.egg-info/PKG-INFO
[1.355s] writing dependency_links to robot_bringup.egg-info/dependency_links.txt
[1.356s] writing entry points to robot_bringup.egg-info/entry_points.txt
[1.356s] writing requirements to robot_bringup.egg-info/requires.txt
[1.356s] writing top-level names to robot_bringup.egg-info/top_level.txt
[1.356s] writing manifest file 'robot_bringup.egg-info/SOURCES.txt'
[1.360s] reading manifest file 'robot_bringup.egg-info/SOURCES.txt'
[1.361s] writing manifest file 'robot_bringup.egg-info/SOURCES.txt'
[1.363s] running build_ext
[1.363s] Creating /home/vinicius/ros2_ws/install/robot_bringup/lib/python3.10/site-packages/robot-bringup.egg-link (link to .)
[1.364s] Installing navigate_to_goal script to /home/vinicius/ros2_ws/install/robot_bringup/lib/robot_bringup
[1.364s] Installing odom_monitor.py script to /home/vinicius/ros2_ws/install/robot_bringup/lib/robot_bringup
[1.364s] Installing odom_tf_publisher script to /home/vinicius/ros2_ws/install/robot_bringup/lib/robot_bringup
[1.365s] Installing save_map.py script to /home/vinicius/ros2_ws/install/robot_bringup/lib/robot_bringup
[1.365s] 
[1.365s] Installed /home/vinicius/ros2_ws/build/robot_bringup
[1.366s] running symlink_data
[1.366s] creating /home/vinicius/ros2_ws/install/robot_bringup/share/ament_index
[1.366s] creating /home/vinicius/ros2_ws/install/robot_bringup/share/ament_index/resource_index
[1.366s] creating /home/vinicius/ros2_ws/install/robot_bringup/share/ament_index/resource_index/packages
[1.366s] symbolically linking /home/vinicius/ros2_ws/build/robot_bringup/resource/robot_bringup -> /home/vinicius/ros2_ws/install/robot_bringup/share/ament_index/resource_index/packages
[1.366s] symbolically linking /home/vinicius/ros2_ws/build/robot_bringup/package.xml -> /home/vinicius/ros2_ws/install/robot_bringup/share/robot_bringup
[1.366s] creating /home/vinicius/ros2_ws/install/robot_bringup/share/robot_bringup/launch
[1.367s] symbolically linking /home/vinicius/ros2_ws/build/robot_bringup/launch/teleop_keyboard.launch.py -> /home/vinicius/ros2_ws/install/robot_bringup/share/robot_bringup/launch
[1.367s] symbolically linking /home/vinicius/ros2_ws/build/robot_bringup/launch/view_map.launch.py -> /home/vinicius/ros2_ws/install/robot_bringup/share/robot_bringup/launch
[1.367s] symbolically linking /home/vinicius/ros2_ws/build/robot_bringup/launch/navigation_launch.py -> /home/vinicius/ros2_ws/install/robot_bringup/share/robot_bringup/launch
[1.367s] symbolically linking /home/vinicius/ros2_ws/build/robot_bringup/launch/cmd_vel.launch.py -> /home/vinicius/ros2_ws/install/robot_bringup/share/robot_bringup/launch
[1.367s] symbolically linking /home/vinicius/ros2_ws/build/robot_bringup/launch/mapping.launch.py -> /home/vinicius/ros2_ws/install/robot_bringup/share/robot_bringup/launch
[1.367s] symbolically linking /home/vinicius/ros2_ws/build/robot_bringup/launch/gazebo_world.launch.py -> /home/vinicius/ros2_ws/install/robot_bringup/share/robot_bringup/launch
[1.367s] creating /home/vinicius/ros2_ws/install/robot_bringup/share/robot_bringup/config
[1.368s] symbolically linking /home/vinicius/ros2_ws/build/robot_bringup/config/slam_view.rviz -> /home/vinicius/ros2_ws/install/robot_bringup/share/robot_bringup/config
[1.368s] symbolically linking /home/vinicius/ros2_ws/build/robot_bringup/config/view_map.rviz -> /home/vinicius/ros2_ws/install/robot_bringup/share/robot_bringup/config
[1.368s] symbolically linking /home/vinicius/ros2_ws/build/robot_bringup/config/mapper_params_online_async.yaml -> /home/vinicius/ros2_ws/install/robot_bringup/share/robot_bringup/config
[1.368s] symbolically linking /home/vinicius/ros2_ws/build/robot_bringup/config/mapping_config.rviz -> /home/vinicius/ros2_ws/install/robot_bringup/share/robot_bringup/config
[1.368s] symbolically linking /home/vinicius/ros2_ws/build/robot_bringup/config/goals.json -> /home/vinicius/ros2_ws/install/robot_bringup/share/robot_bringup/config
[1.368s] symbolically linking /home/vinicius/ros2_ws/build/robot_bringup/config/costmap_params.yaml -> /home/vinicius/ros2_ws/install/robot_bringup/share/robot_bringup/config
[1.368s] symbolically linking /home/vinicius/ros2_ws/build/robot_bringup/config/nav2_params.yaml -> /home/vinicius/ros2_ws/install/robot_bringup/share/robot_bringup/config
[1.369s] creating /home/vinicius/ros2_ws/install/robot_bringup/share/robot_bringup/worlds
[1.369s] symbolically linking /home/vinicius/ros2_ws/build/robot_bringup/worlds/robot.urdf -> /home/vinicius/ros2_ws/install/robot_bringup/share/robot_bringup/worlds
[1.369s] symbolically linking /home/vinicius/ros2_ws/build/robot_bringup/worlds/main.sdf -> /home/vinicius/ros2_ws/install/robot_bringup/share/robot_bringup/worlds
[1.369s] creating /home/vinicius/ros2_ws/install/robot_bringup/share/robot_bringup/scripts
[1.369s] symbolically linking /home/vinicius/ros2_ws/build/robot_bringup/scripts/navigate_to_goal.py -> /home/vinicius/ros2_ws/install/robot_bringup/share/robot_bringup/scripts
[1.369s] symbolically linking /home/vinicius/ros2_ws/build/robot_bringup/scripts/clean_system.sh -> /home/vinicius/ros2_ws/install/robot_bringup/share/robot_bringup/scripts
[1.369s] symbolically linking /home/vinicius/ros2_ws/build/robot_bringup/scripts/save_map.py -> /home/vinicius/ros2_ws/install/robot_bringup/share/robot_bringup/scripts
[1.369s] symbolically linking /home/vinicius/ros2_ws/build/robot_bringup/scripts/odom_monitor.py -> /home/vinicius/ros2_ws/install/robot_bringup/share/robot_bringup/scripts
[1.370s] symbolically linking /home/vinicius/ros2_ws/build/robot_bringup/scripts/odom_tf_publisher.py -> /home/vinicius/ros2_ws/install/robot_bringup/share/robot_bringup/scripts
[1.370s] creating /home/vinicius/ros2_ws/install/robot_bringup/share/robot_bringup/models
[1.370s] creating /home/vinicius/ros2_ws/install/robot_bringup/share/robot_bringup/models/wall
[1.370s] symbolically linking /home/vinicius/ros2_ws/build/robot_bringup/models/wall/Cenario2.sdf -> /home/vinicius/ros2_ws/install/robot_bringup/share/robot_bringup/models/wall
[1.370s] symbolically linking /home/vinicius/ros2_ws/build/robot_bringup/models/wall/model.sdf -> /home/vinicius/ros2_ws/install/robot_bringup/share/robot_bringup/models/wall
[1.370s] symbolically linking /home/vinicius/ros2_ws/build/robot_bringup/models/wall/Cenario3.sdf -> /home/vinicius/ros2_ws/install/robot_bringup/share/robot_bringup/models/wall
[1.370s] symbolically linking /home/vinicius/ros2_ws/build/robot_bringup/models/wall/Cenario1.sdf -> /home/vinicius/ros2_ws/install/robot_bringup/share/robot_bringup/models/wall
[1.371s] creating /home/vinicius/ros2_ws/install/robot_bringup/share/robot_bringup/models/Robot
[1.371s] symbolically linking /home/vinicius/ros2_ws/build/robot_bringup/models/Robot/model.sdf -> /home/vinicius/ros2_ws/install/robot_bringup/share/robot_bringup/models/Robot
[1.424s] Invoked command in '/home/vinicius/ros2_ws/build/robot_bringup' returned '0': PYTHONPATH=/home/vinicius/ros2_ws/build/robot_bringup/prefix_override:/usr/lib/python3/dist-packages/colcon_core/task/python/colcon_distutils_commands:/home/vinicius/ros2_ws/install/robot_bringup/lib/python3.10/site-packages:${PYTHONPATH} /usr/bin/python3 -W ignore:setup.py install is deprecated -W ignore:easy_install command is deprecated setup.py develop --editable --build-directory /home/vinicius/ros2_ws/build/robot_bringup/build --no-deps symlink_data
