[0.463s] Invoking command in '/home/vinicius/ros2_ws/build/robot_bringup': PYTHONPATH=/home/vinicius/ros2_ws/build/robot_bringup/prefix_override:/usr/lib/python3/dist-packages/colcon_core/task/python/colcon_distutils_commands:/home/vinicius/ros2_ws/install/robot_bringup/lib/python3.10/site-packages:${PYTHONPATH} /usr/bin/python3 -W ignore:setup.py install is deprecated -W ignore:easy_install command is deprecated setup.py develop --editable --build-directory /home/vinicius/ros2_ws/build/robot_bringup/build --no-deps symlink_data
[0.652s] running develop
[0.755s] running egg_info
[0.756s] writing robot_bringup.egg-info/PKG-INFO
[0.756s] writing dependency_links to robot_bringup.egg-info/dependency_links.txt
[0.756s] writing entry points to robot_bringup.egg-info/entry_points.txt
[0.756s] writing requirements to robot_bringup.egg-info/requires.txt
[0.757s] writing top-level names to robot_bringup.egg-info/top_level.txt
[0.758s] reading manifest file 'robot_bringup.egg-info/SOURCES.txt'
[0.759s] writing manifest file 'robot_bringup.egg-info/SOURCES.txt'
[0.760s] running build_ext
[0.762s] Creating /home/vinicius/ros2_ws/install/robot_bringup/lib/python3.10/site-packages/robot-bringup.egg-link (link to .)
[0.762s] Installing odom_tf_publisher script to /home/vinicius/ros2_ws/install/robot_bringup/lib/robot_bringup
[0.762s] 
[0.763s] Installed /home/vinicius/ros2_ws/build/robot_bringup
[0.763s] running symlink_data
[0.763s] symbolically linking /home/vinicius/ros2_ws/build/robot_bringup/launch/gazebo_world.launch.py -> /home/vinicius/ros2_ws/install/robot_bringup/share/robot_bringup/launch
[0.763s] symbolically linking /home/vinicius/ros2_ws/build/robot_bringup/scripts/test_lidar.sh -> /home/vinicius/ros2_ws/install/robot_bringup/share/robot_bringup/scripts
[0.763s] symbolically linking /home/vinicius/ros2_ws/build/robot_bringup/scripts/launch_gazebo.sh -> /home/vinicius/ros2_ws/install/robot_bringup/share/robot_bringup/scripts
[0.786s] Invoked command in '/home/vinicius/ros2_ws/build/robot_bringup' returned '0': PYTHONPATH=/home/vinicius/ros2_ws/build/robot_bringup/prefix_override:/usr/lib/python3/dist-packages/colcon_core/task/python/colcon_distutils_commands:/home/vinicius/ros2_ws/install/robot_bringup/lib/python3.10/site-packages:${PYTHONPATH} /usr/bin/python3 -W ignore:setup.py install is deprecated -W ignore:easy_install command is deprecated setup.py develop --editable --build-directory /home/vinicius/ros2_ws/build/robot_bringup/build --no-deps symlink_data
