[1.534s] Invoking command in '/home/vinicius/ros2_ws/build/robot_bringup': PYTHONPATH=/home/vinicius/ros2_ws/build/robot_bringup/prefix_override:/usr/lib/python3/dist-packages/colcon_core/task/python/colcon_distutils_commands:/home/vinicius/ros2_ws/install/robot_bringup/lib/python3.10/site-packages:${PYTHONPATH} /usr/bin/python3 -W ignore:setup.py install is deprecated -W ignore:easy_install command is deprecated setup.py develop --uninstall --editable --build-directory /home/vinicius/ros2_ws/build/robot_bringup/build
[2.189s] running develop
[2.586s] Removing /home/vinicius/ros2_ws/install/robot_bringup/lib/python3.10/site-packages/robot-bringup.egg-link (link to .)
[2.648s] Invoked command in '/home/vinicius/ros2_ws/build/robot_bringup' returned '0': PYTHONPATH=/home/vinicius/ros2_ws/build/robot_bringup/prefix_override:/usr/lib/python3/dist-packages/colcon_core/task/python/colcon_distutils_commands:/home/vinicius/ros2_ws/install/robot_bringup/lib/python3.10/site-packages:${PYTHONPATH} /usr/bin/python3 -W ignore:setup.py install is deprecated -W ignore:easy_install command is deprecated setup.py develop --uninstall --editable --build-directory /home/vinicius/ros2_ws/build/robot_bringup/build
[2.651s] Invoking command in '/home/vinicius/ros2_ws/src/robot_bringup': PYTHONPATH=/home/vinicius/ros2_ws/build/robot_bringup/prefix_override:/usr/lib/python3/dist-packages/colcon_core/task/python/colcon_distutils_commands:/home/vinicius/ros2_ws/install/robot_bringup/lib/python3.10/site-packages:${PYTHONPATH} /usr/bin/python3 -W ignore:setup.py install is deprecated -W ignore:easy_install command is deprecated setup.py egg_info --egg-base ../../build/robot_bringup build --build-base /home/vinicius/ros2_ws/build/robot_bringup/build install --record /home/vinicius/ros2_ws/build/robot_bringup/install.log --single-version-externally-managed install_data --force
[3.097s] running egg_info
[3.098s] writing ../../build/robot_bringup/robot_bringup.egg-info/PKG-INFO
[3.098s] writing dependency_links to ../../build/robot_bringup/robot_bringup.egg-info/dependency_links.txt
[3.099s] writing entry points to ../../build/robot_bringup/robot_bringup.egg-info/entry_points.txt
[3.099s] writing requirements to ../../build/robot_bringup/robot_bringup.egg-info/requires.txt
[3.099s] writing top-level names to ../../build/robot_bringup/robot_bringup.egg-info/top_level.txt
[3.103s] reading manifest file '../../build/robot_bringup/robot_bringup.egg-info/SOURCES.txt'
[3.105s] writing manifest file '../../build/robot_bringup/robot_bringup.egg-info/SOURCES.txt'
[3.105s] running build
[3.105s] running build_py
[3.105s] running install
[3.106s] running install_lib
[3.107s] copying /home/vinicius/ros2_ws/build/robot_bringup/build/lib/robot_bringup/__init__.py -> /home/vinicius/ros2_ws/install/robot_bringup/lib/python3.10/site-packages/robot_bringup
[3.108s] byte-compiling /home/vinicius/ros2_ws/install/robot_bringup/lib/python3.10/site-packages/robot_bringup/__init__.py to __init__.cpython-310.pyc
[3.108s] running install_data
[3.109s] copying resource/robot_bringup -> /home/vinicius/ros2_ws/install/robot_bringup/share/ament_index/resource_index/packages
[3.109s] copying package.xml -> /home/vinicius/ros2_ws/install/robot_bringup/share/robot_bringup
[3.109s] copying launch/teleop_keyboard.launch.py -> /home/vinicius/ros2_ws/install/robot_bringup/share/robot_bringup/launch
[3.109s] copying launch/robot_state.launch.py -> /home/vinicius/ros2_ws/install/robot_bringup/share/robot_bringup/launch
[3.109s] copying launch/cmd_vel.launch.py -> /home/vinicius/ros2_ws/install/robot_bringup/share/robot_bringup/launch
[3.109s] copying launch/gazebo.launch.py -> /home/vinicius/ros2_ws/install/robot_bringup/share/robot_bringup/launch
[3.110s] copying launch/full_system.launch.py -> /home/vinicius/ros2_ws/install/robot_bringup/share/robot_bringup/launch
[3.110s] copying launch/mapping.launch.py -> /home/vinicius/ros2_ws/install/robot_bringup/share/robot_bringup/launch
[3.110s] copying launch/gazebo_world.launch.py -> /home/vinicius/ros2_ws/install/robot_bringup/share/robot_bringup/launch
[3.110s] copying launch/slam.launch.py -> /home/vinicius/ros2_ws/install/robot_bringup/share/robot_bringup/launch
[3.110s] copying config/slam_view.rviz -> /home/vinicius/ros2_ws/install/robot_bringup/share/robot_bringup/config
[3.111s] copying config/mapper_params_online_async.yaml -> /home/vinicius/ros2_ws/install/robot_bringup/share/robot_bringup/config
[3.111s] copying config/mapping_config.rviz -> /home/vinicius/ros2_ws/install/robot_bringup/share/robot_bringup/config
[3.111s] copying worlds/robot.urdf -> /home/vinicius/ros2_ws/install/robot_bringup/share/robot_bringup/worlds
[3.111s] copying worlds/main.sdf -> /home/vinicius/ros2_ws/install/robot_bringup/share/robot_bringup/worlds
[3.112s] copying worlds/wall.model.sdf -> /home/vinicius/ros2_ws/install/robot_bringup/share/robot_bringup/worlds
[3.112s] copying worlds/robot.model.sdf -> /home/vinicius/ros2_ws/install/robot_bringup/share/robot_bringup/worlds
[3.112s] copying scripts/clean_system.sh -> /home/vinicius/ros2_ws/install/robot_bringup/share/robot_bringup/scripts
[3.112s] copying scripts/test_lidar.sh -> /home/vinicius/ros2_ws/install/robot_bringup/share/robot_bringup/scripts
[3.112s] copying scripts/launch_gazebo.sh -> /home/vinicius/ros2_ws/install/robot_bringup/share/robot_bringup/scripts
[3.113s] copying scripts/odom_monitor.py -> /home/vinicius/ros2_ws/install/robot_bringup/share/robot_bringup/scripts
[3.113s] copying scripts/diagnose_slam.sh -> /home/vinicius/ros2_ws/install/robot_bringup/share/robot_bringup/scripts
[3.113s] copying scripts/odom_tf_publisher.py -> /home/vinicius/ros2_ws/install/robot_bringup/share/robot_bringup/scripts
[3.113s] copying models/wall/model.sdf -> /home/vinicius/ros2_ws/install/robot_bringup/share/robot_bringup/models/wall
[3.113s] copying models/Robot/model.sdf -> /home/vinicius/ros2_ws/install/robot_bringup/share/robot_bringup/models/Robot
[3.114s] running install_egg_info
[3.117s] Copying ../../build/robot_bringup/robot_bringup.egg-info to /home/vinicius/ros2_ws/install/robot_bringup/lib/python3.10/site-packages/robot_bringup-0.0.0-py3.10.egg-info
[3.118s] running install_scripts
[3.152s] Installing odom_monitor.py script to /home/vinicius/ros2_ws/install/robot_bringup/lib/robot_bringup
[3.152s] Installing odom_tf_publisher script to /home/vinicius/ros2_ws/install/robot_bringup/lib/robot_bringup
[3.152s] writing list of installed files to '/home/vinicius/ros2_ws/build/robot_bringup/install.log'
[3.199s] Invoked command in '/home/vinicius/ros2_ws/src/robot_bringup' returned '0': PYTHONPATH=/home/vinicius/ros2_ws/build/robot_bringup/prefix_override:/usr/lib/python3/dist-packages/colcon_core/task/python/colcon_distutils_commands:/home/vinicius/ros2_ws/install/robot_bringup/lib/python3.10/site-packages:${PYTHONPATH} /usr/bin/python3 -W ignore:setup.py install is deprecated -W ignore:easy_install command is deprecated setup.py egg_info --egg-base ../../build/robot_bringup build --build-base /home/vinicius/ros2_ws/build/robot_bringup/build install --record /home/vinicius/ros2_ws/build/robot_bringup/install.log --single-version-externally-managed install_data --force
