running egg_info
writing ../../build/robot_bringup/robot_bringup.egg-info/PKG-INFO
writing dependency_links to ../../build/robot_bringup/robot_bringup.egg-info/dependency_links.txt
writing entry points to ../../build/robot_bringup/robot_bringup.egg-info/entry_points.txt
writing requirements to ../../build/robot_bringup/robot_bringup.egg-info/requires.txt
writing top-level names to ../../build/robot_bringup/robot_bringup.egg-info/top_level.txt
reading manifest file '../../build/robot_bringup/robot_bringup.egg-info/SOURCES.txt'
writing manifest file '../../build/robot_bringup/robot_bringup.egg-info/SOURCES.txt'
running build
running build_py
copying robot_bringup/odom_tf_publisher.py -> /home/vinicius/ros2_ws/build/robot_bringup/build/lib/robot_bringup
running install
running install_lib
copying /home/vinicius/ros2_ws/build/robot_bringup/build/lib/robot_bringup/odom_tf_publisher.py -> /home/vinicius/ros2_ws/install/robot_bringup/lib/python3.10/site-packages/robot_bringup
byte-compiling /home/vinicius/ros2_ws/install/robot_bringup/lib/python3.10/site-packages/robot_bringup/odom_tf_publisher.py to odom_tf_publisher.cpython-310.pyc
running install_data
copying worlds/robot.model.sdf -> /home/vinicius/ros2_ws/install/robot_bringup/share/robot_bringup/worlds
running install_egg_info
removing '/home/vinicius/ros2_ws/install/robot_bringup/lib/python3.10/site-packages/robot_bringup-0.0.0-py3.10.egg-info' (and everything under it)
Copying ../../build/robot_bringup/robot_bringup.egg-info to /home/vinicius/ros2_ws/install/robot_bringup/lib/python3.10/site-packages/robot_bringup-0.0.0-py3.10.egg-info
running install_scripts
writing list of installed files to '/home/vinicius/ros2_ws/build/robot_bringup/install.log'
