[0.446s] Invoking command in '/home/vinicius/ros2_ws/src/robot_bringup': PYTHONPATH=/home/vinicius/ros2_ws/build/robot_bringup/prefix_override:/usr/lib/python3/dist-packages/colcon_core/task/python/colcon_distutils_commands:/home/vinicius/ros2_ws/install/robot_bringup/lib/python3.10/site-packages:${PYTHONPATH} /usr/bin/python3 -W ignore:setup.py install is deprecated -W ignore:easy_install command is deprecated setup.py egg_info --egg-base ../../build/robot_bringup build --build-base /home/vinicius/ros2_ws/build/robot_bringup/build install --record /home/vinicius/ros2_ws/build/robot_bringup/install.log --single-version-externally-managed install_data
[0.599s] running egg_info
[0.600s] writing ../../build/robot_bringup/robot_bringup.egg-info/PKG-INFO
[0.600s] writing dependency_links to ../../build/robot_bringup/robot_bringup.egg-info/dependency_links.txt
[0.600s] writing entry points to ../../build/robot_bringup/robot_bringup.egg-info/entry_points.txt
[0.600s] writing requirements to ../../build/robot_bringup/robot_bringup.egg-info/requires.txt
[0.600s] writing top-level names to ../../build/robot_bringup/robot_bringup.egg-info/top_level.txt
[0.601s] reading manifest file '../../build/robot_bringup/robot_bringup.egg-info/SOURCES.txt'
[0.603s] writing manifest file '../../build/robot_bringup/robot_bringup.egg-info/SOURCES.txt'
[0.604s] running build
[0.604s] running build_py
[0.604s] copying robot_bringup/odom_tf_publisher.py -> /home/vinicius/ros2_ws/build/robot_bringup/build/lib/robot_bringup
[0.604s] running install
[0.604s] running install_lib
[0.604s] copying /home/vinicius/ros2_ws/build/robot_bringup/build/lib/robot_bringup/odom_tf_publisher.py -> /home/vinicius/ros2_ws/install/robot_bringup/lib/python3.10/site-packages/robot_bringup
[0.604s] byte-compiling /home/vinicius/ros2_ws/install/robot_bringup/lib/python3.10/site-packages/robot_bringup/odom_tf_publisher.py to odom_tf_publisher.cpython-310.pyc
[0.607s] running install_data
[0.607s] copying worlds/robot.model.sdf -> /home/vinicius/ros2_ws/install/robot_bringup/share/robot_bringup/worlds
[0.607s] running install_egg_info
[0.609s] removing '/home/vinicius/ros2_ws/install/robot_bringup/lib/python3.10/site-packages/robot_bringup-0.0.0-py3.10.egg-info' (and everything under it)
[0.609s] Copying ../../build/robot_bringup/robot_bringup.egg-info to /home/vinicius/ros2_ws/install/robot_bringup/lib/python3.10/site-packages/robot_bringup-0.0.0-py3.10.egg-info
[0.609s] running install_scripts
[0.624s] writing list of installed files to '/home/vinicius/ros2_ws/build/robot_bringup/install.log'
[0.641s] Invoked command in '/home/vinicius/ros2_ws/src/robot_bringup' returned '0': PYTHONPATH=/home/vinicius/ros2_ws/build/robot_bringup/prefix_override:/usr/lib/python3/dist-packages/colcon_core/task/python/colcon_distutils_commands:/home/vinicius/ros2_ws/install/robot_bringup/lib/python3.10/site-packages:${PYTHONPATH} /usr/bin/python3 -W ignore:setup.py install is deprecated -W ignore:easy_install command is deprecated setup.py egg_info --egg-base ../../build/robot_bringup build --build-base /home/vinicius/ros2_ws/build/robot_bringup/build install --record /home/vinicius/ros2_ws/build/robot_bringup/install.log --single-version-externally-managed install_data
