[0.601s] Invoking command in '/home/vinicius/ros2_ws/build/robot_bringup': PYTHONPATH=/home/vinicius/ros2_ws/build/robot_bringup/prefix_override:/usr/lib/python3/dist-packages/colcon_core/task/python/colcon_distutils_commands:/home/vinicius/ros2_ws/install/robot_bringup/lib/python3.10/site-packages:${PYTHONPATH} /usr/bin/python3 -W ignore:setup.py install is deprecated -W ignore:easy_install command is deprecated setup.py develop --editable --build-directory /home/vinicius/ros2_ws/build/robot_bringup/build --no-deps symlink_data
[0.829s] running develop
[0.977s] running egg_info
[0.980s] writing robot_bringup.egg-info/PKG-INFO
[0.981s] writing dependency_links to robot_bringup.egg-info/dependency_links.txt
[0.981s] writing entry points to robot_bringup.egg-info/entry_points.txt
[0.981s] writing requirements to robot_bringup.egg-info/requires.txt
[0.981s] writing top-level names to robot_bringup.egg-info/top_level.txt
[0.983s] reading manifest file 'robot_bringup.egg-info/SOURCES.txt'
[0.985s] writing manifest file 'robot_bringup.egg-info/SOURCES.txt'
[0.986s] running build_ext
[0.986s] Creating /home/vinicius/ros2_ws/install/robot_bringup/lib/python3.10/site-packages/robot-bringup.egg-link (link to .)
[0.987s] Installing navigate_to_goal script to /home/vinicius/ros2_ws/install/robot_bringup/lib/robot_bringup
[0.987s] Installing odom_monitor.py script to /home/vinicius/ros2_ws/install/robot_bringup/lib/robot_bringup
[0.987s] Installing odom_tf_publisher script to /home/vinicius/ros2_ws/install/robot_bringup/lib/robot_bringup
[0.987s] Installing save_map.py script to /home/vinicius/ros2_ws/install/robot_bringup/lib/robot_bringup
[0.987s] 
[0.988s] Installed /home/vinicius/ros2_ws/build/robot_bringup
[0.988s] running symlink_data
[1.024s] Invoked command in '/home/vinicius/ros2_ws/build/robot_bringup' returned '0': PYTHONPATH=/home/vinicius/ros2_ws/build/robot_bringup/prefix_override:/usr/lib/python3/dist-packages/colcon_core/task/python/colcon_distutils_commands:/home/vinicius/ros2_ws/install/robot_bringup/lib/python3.10/site-packages:${PYTHONPATH} /usr/bin/python3 -W ignore:setup.py install is deprecated -W ignore:easy_install command is deprecated setup.py develop --editable --build-directory /home/vinicius/ros2_ws/build/robot_bringup/build --no-deps symlink_data
