[0.533s] Invoking command in '/home/vinicius/ros2_ws/build/robot_bringup': PYTHONPATH=/home/vinicius/ros2_ws/build/robot_bringup/prefix_override:/usr/lib/python3/dist-packages/colcon_core/task/python/colcon_distutils_commands:/home/vinicius/ros2_ws/install/robot_bringup/lib/python3.10/site-packages:${PYTHONPATH} /usr/bin/python3 -W ignore:setup.py install is deprecated -W ignore:easy_install command is deprecated setup.py develop --editable --build-directory /home/vinicius/ros2_ws/build/robot_bringup/build --no-deps symlink_data
[0.712s] running develop
[0.828s] running egg_info
[0.828s] writing robot_bringup.egg-info/PKG-INFO
[0.828s] writing dependency_links to robot_bringup.egg-info/dependency_links.txt
[0.828s] writing entry points to robot_bringup.egg-info/entry_points.txt
[0.828s] writing requirements to robot_bringup.egg-info/requires.txt
[0.828s] writing top-level names to robot_bringup.egg-info/top_level.txt
[0.828s] reading manifest file 'robot_bringup.egg-info/SOURCES.txt'
[0.828s] writing manifest file 'robot_bringup.egg-info/SOURCES.txt'
[0.830s] running build_ext
[0.830s] Creating /home/vinicius/ros2_ws/install/robot_bringup/lib/python3.10/site-packages/robot-bringup.egg-link (link to .)
[0.830s] Installing odom_tf_publisher script to /home/vinicius/ros2_ws/install/robot_bringup/lib/robot_bringup
[0.830s] 
[0.830s] Installed /home/vinicius/ros2_ws/build/robot_bringup
[0.830s] running symlink_data
[0.832s] symbolically linking /home/vinicius/ros2_ws/build/robot_bringup/scripts/clean_system.sh -> /home/vinicius/ros2_ws/install/robot_bringup/share/robot_bringup/scripts
[0.833s] creating /home/vinicius/ros2_ws/install/robot_bringup/share/robot_bringup/models
[0.833s] creating /home/vinicius/ros2_ws/install/robot_bringup/share/robot_bringup/models/wall
[0.833s] symbolically linking /home/vinicius/ros2_ws/build/robot_bringup/models/wall/model.sdf -> /home/vinicius/ros2_ws/install/robot_bringup/share/robot_bringup/models/wall
[0.833s] creating /home/vinicius/ros2_ws/install/robot_bringup/share/robot_bringup/models/Robot
[0.833s] symbolically linking /home/vinicius/ros2_ws/build/robot_bringup/models/Robot/model.sdf -> /home/vinicius/ros2_ws/install/robot_bringup/share/robot_bringup/models/Robot
[0.861s] Invoked command in '/home/vinicius/ros2_ws/build/robot_bringup' returned '0': PYTHONPATH=/home/vinicius/ros2_ws/build/robot_bringup/prefix_override:/usr/lib/python3/dist-packages/colcon_core/task/python/colcon_distutils_commands:/home/vinicius/ros2_ws/install/robot_bringup/lib/python3.10/site-packages:${PYTHONPATH} /usr/bin/python3 -W ignore:setup.py install is deprecated -W ignore:easy_install command is deprecated setup.py develop --editable --build-directory /home/vinicius/ros2_ws/build/robot_bringup/build --no-deps symlink_data
